[1.002s] Invoking command in '/home/student/Desktop/final/build/urdf_tutorial': PYTHONPATH=/home/student/Desktop/final/install/urdf_tutorial/lib/python3.8/site-packages:${PYTHONPATH} /usr/bin/python3 setup.py develop --prefix /home/student/Desktop/final/install/urdf_tutorial --uninstall --editable --build-directory /home/student/Desktop/final/build/urdf_tutorial/build
[1.895s] running develop
[2.418s] Invoked command in '/home/student/Desktop/final/build/urdf_tutorial' returned '0': PYTHONPATH=/home/student/Desktop/final/install/urdf_tutorial/lib/python3.8/site-packages:${PYTHONPATH} /usr/bin/python3 setup.py develop --prefix /home/student/Desktop/final/install/urdf_tutorial --uninstall --editable --build-directory /home/student/Desktop/final/build/urdf_tutorial/build
[2.419s] Invoking command in '/home/student/Desktop/final/urdf_tutorial': PYTHONPATH=/home/student/Desktop/final/install/urdf_tutorial/lib/python3.8/site-packages:${PYTHONPATH} /usr/bin/python3 setup.py egg_info --egg-base ../build/urdf_tutorial build --build-base /home/student/Desktop/final/build/urdf_tutorial/build install --prefix /home/student/Desktop/final/install/urdf_tutorial --record /home/student/Desktop/final/build/urdf_tutorial/install.log --single-version-externally-managed
[3.037s] running egg_info
[3.038s] writing ../build/urdf_tutorial/urdf_tutorial.egg-info/PKG-INFO
[3.038s] writing dependency_links to ../build/urdf_tutorial/urdf_tutorial.egg-info/dependency_links.txt
[3.039s] writing entry points to ../build/urdf_tutorial/urdf_tutorial.egg-info/entry_points.txt
[3.039s] writing requirements to ../build/urdf_tutorial/urdf_tutorial.egg-info/requires.txt
[3.039s] writing top-level names to ../build/urdf_tutorial/urdf_tutorial.egg-info/top_level.txt
[3.175s] reading manifest file '../build/urdf_tutorial/urdf_tutorial.egg-info/SOURCES.txt'
[3.178s] writing manifest file '../build/urdf_tutorial/urdf_tutorial.egg-info/SOURCES.txt'
[3.179s] running build
[3.179s] running build_py
[3.179s] running install
[3.184s] running install_lib
[3.190s] running install_data
[3.194s] copying urdf/r2d2.urdf.xml -> /home/student/Desktop/final/install/urdf_tutorial/share/urdf_tutorial
[3.194s] running install_egg_info
[3.200s] removing '/home/student/Desktop/final/install/urdf_tutorial/lib/python3.8/site-packages/urdf_tutorial-0.0.0-py3.8.egg-info' (and everything under it)
[3.201s] Copying ../build/urdf_tutorial/urdf_tutorial.egg-info to /home/student/Desktop/final/install/urdf_tutorial/lib/python3.8/site-packages/urdf_tutorial-0.0.0-py3.8.egg-info
[3.202s] running install_scripts
[3.269s] Installing state_publisher script to /home/student/Desktop/final/install/urdf_tutorial/lib/urdf_tutorial
[3.269s] writing list of installed files to '/home/student/Desktop/final/build/urdf_tutorial/install.log'
[3.342s] Invoked command in '/home/student/Desktop/final/urdf_tutorial' returned '0': PYTHONPATH=/home/student/Desktop/final/install/urdf_tutorial/lib/python3.8/site-packages:${PYTHONPATH} /usr/bin/python3 setup.py egg_info --egg-base ../build/urdf_tutorial build --build-base /home/student/Desktop/final/build/urdf_tutorial/build install --prefix /home/student/Desktop/final/install/urdf_tutorial --record /home/student/Desktop/final/build/urdf_tutorial/install.log --single-version-externally-managed
