[0.381s] Invoking command in '/home/przemyslaw/zadanie_3_ostatecznie/zadanie3/build/zadanie3': PYTHONPATH=/home/przemyslaw/zadanie_3_ostatecznie/zadanie3/install/zadanie3/lib/python3.8/site-packages:${PYTHONPATH} /usr/bin/python3 setup.py develop --prefix /home/przemyslaw/zadanie_3_ostatecznie/zadanie3/install/zadanie3 --editable --build-directory /home/przemyslaw/zadanie_3_ostatecznie/zadanie3/build/zadanie3/build --no-deps install_data --install-dir /home/przemyslaw/zadanie_3_ostatecznie/zadanie3/install/zadanie3
[0.771s] running develop
[0.982s] running egg_info
[0.983s] writing zadanie3.egg-info/PKG-INFO
[0.983s] writing dependency_links to zadanie3.egg-info/dependency_links.txt
[0.984s] writing entry points to zadanie3.egg-info/entry_points.txt
[0.984s] writing requirements to zadanie3.egg-info/requires.txt
[0.984s] writing top-level names to zadanie3.egg-info/top_level.txt
[1.060s] reading manifest file 'zadanie3.egg-info/SOURCES.txt'
[1.062s] writing manifest file 'zadanie3.egg-info/SOURCES.txt'
[1.150s] running build_ext
[1.151s] Creating /home/przemyslaw/zadanie_3_ostatecznie/zadanie3/install/zadanie3/lib/python3.8/site-packages/zadanie3.egg-link (link to .)
[1.152s] Installing joint_state_publisher script to /home/przemyslaw/zadanie_3_ostatecznie/zadanie3/install/zadanie3/lib/zadanie3
[1.152s] Installing kdl_dkin script to /home/przemyslaw/zadanie_3_ostatecznie/zadanie3/install/zadanie3/lib/zadanie3
[1.152s] Installing non_kdl_dkin script to /home/przemyslaw/zadanie_3_ostatecznie/zadanie3/install/zadanie3/lib/zadanie3
[1.153s] 
[1.153s] Installed /home/przemyslaw/zadanie_3_ostatecznie/zadanie3/build/zadanie3
[1.153s] running install_data
[1.154s] copying package.xml -> /home/przemyslaw/zadanie_3_ostatecznie/zadanie3/install/zadanie3/share/zadanie3
[1.154s] copying launch/both_kdl_and_non_kdl.launch.py -> /home/przemyslaw/zadanie_3_ostatecznie/zadanie3/install/zadanie3/share/zadanie3
[1.154s] copying launch/kdl_dkin.launch.py -> /home/przemyslaw/zadanie_3_ostatecznie/zadanie3/install/zadanie3/share/zadanie3
[1.155s] copying launch/non_kdl_dkin.launch.py -> /home/przemyslaw/zadanie_3_ostatecznie/zadanie3/install/zadanie3/share/zadanie3
[1.155s] copying urdf/manipulator.urdf.xacro.xml -> /home/przemyslaw/zadanie_3_ostatecznie/zadanie3/install/zadanie3/share/zadanie3
[1.155s] error: can't copy 'urdf/manipulator_fixed.urdf.xacro.xml': doesn't exist or not a regular file
[1.188s] Invoked command in '/home/przemyslaw/zadanie_3_ostatecznie/zadanie3/build/zadanie3' returned '1': PYTHONPATH=/home/przemyslaw/zadanie_3_ostatecznie/zadanie3/install/zadanie3/lib/python3.8/site-packages:${PYTHONPATH} /usr/bin/python3 setup.py develop --prefix /home/przemyslaw/zadanie_3_ostatecznie/zadanie3/install/zadanie3 --editable --build-directory /home/przemyslaw/zadanie_3_ostatecznie/zadanie3/build/zadanie3/build --no-deps install_data --install-dir /home/przemyslaw/zadanie_3_ostatecznie/zadanie3/install/zadanie3
