[0.628s] DEBUG:colcon:Command line arguments: ['/usr/bin/colcon', 'build', '--symlink-install', '--packages-select', 'urdf_tutorial']
[0.629s] DEBUG:colcon:Parsed command line arguments: Namespace(ament_cmake_args=None, base_paths=['.'], build_base='build', catkin_cmake_args=None, catkin_skip_building_tests=False, cmake_args=None, cmake_clean_cache=False, cmake_clean_first=False, cmake_force_configure=False, cmake_target=None, cmake_target_skip_unavailable=False, continue_on_error=False, event_handlers=None, executor='parallel', ignore_user_meta=False, install_base='install', log_base=None, log_level=None, main=<bound method BuildVerb.main of <colcon_core.verb.build.BuildVerb object at 0x7f28cacbda90>>, merge_install=False, metas=['./colcon.meta'], packages_above=None, packages_above_and_dependencies=None, packages_above_depth=None, packages_end=None, packages_ignore=None, packages_ignore_regex=None, packages_select=['urdf_tutorial'], packages_select_build_failed=False, packages_select_by_dep=None, packages_select_regex=None, packages_select_test_failures=False, packages_skip=None, packages_skip_build_finished=False, packages_skip_by_dep=None, packages_skip_regex=None, packages_skip_test_passed=False, packages_skip_up_to=None, packages_start=None, packages_up_to=None, packages_up_to_regex=None, parallel_workers=2, paths=None, symlink_install=True, test_result_base=None, verb_extension=<colcon_core.verb.build.BuildVerb object at 0x7f28cacbda90>, verb_name='build', verb_parser=<colcon_defaults.argument_parser.defaults.DefaultArgumentsDecorator object at 0x7f28cacca040>)
[0.663s] Level 1:colcon.colcon_core.package_discovery:discover_packages(colcon_meta) check parameters
[0.663s] Level 1:colcon.colcon_core.package_discovery:discover_packages(recursive) check parameters
[0.663s] Level 1:colcon.colcon_core.package_discovery:discover_packages(ignore) check parameters
[0.663s] Level 1:colcon.colcon_core.package_discovery:discover_packages(path) check parameters
[0.664s] Level 1:colcon.colcon_core.package_discovery:discover_packages(colcon_meta) discover
[0.664s] Level 1:colcon.colcon_core.package_discovery:discover_packages(recursive) discover
[0.664s] INFO:colcon.colcon_core.package_discovery:Crawling recursively for packages in '/home/student/Desktop/final'
[0.664s] Level 1:colcon.colcon_core.package_identification:_identify(.) by extensions ['ignore', 'ignore_ament_install']
[0.664s] Level 1:colcon.colcon_core.package_identification:_identify(.) by extension 'ignore'
[0.664s] Level 1:colcon.colcon_core.package_identification:_identify(.) by extension 'ignore_ament_install'
[0.664s] Level 1:colcon.colcon_core.package_identification:_identify(.) by extensions ['colcon_pkg']
[0.664s] Level 1:colcon.colcon_core.package_identification:_identify(.) by extension 'colcon_pkg'
[0.664s] Level 1:colcon.colcon_core.package_identification:_identify(.) by extensions ['colcon_meta']
[0.664s] Level 1:colcon.colcon_core.package_identification:_identify(.) by extension 'colcon_meta'
[0.664s] Level 1:colcon.colcon_core.package_identification:_identify(.) by extensions ['ros']
[0.665s] Level 1:colcon.colcon_core.package_identification:_identify(.) by extension 'ros'
[0.704s] Level 1:colcon.colcon_core.package_identification:_identify(.) by extensions ['cmake', 'python']
[0.704s] Level 1:colcon.colcon_core.package_identification:_identify(.) by extension 'cmake'
[0.704s] Level 1:colcon.colcon_core.package_identification:_identify(.) by extension 'python'
[0.704s] Level 1:colcon.colcon_core.package_identification:_identify(.) by extensions ['python_setup_py']
[0.704s] Level 1:colcon.colcon_core.package_identification:_identify(.) by extension 'python_setup_py'
[0.705s] Level 1:colcon.colcon_core.package_identification:_identify(build) by extensions ['ignore', 'ignore_ament_install']
[0.705s] Level 1:colcon.colcon_core.package_identification:_identify(build) by extension 'ignore'
[0.705s] Level 1:colcon.colcon_core.package_identification:_identify(build) ignored
[0.706s] Level 1:colcon.colcon_core.package_identification:_identify(install) by extensions ['ignore', 'ignore_ament_install']
[0.706s] Level 1:colcon.colcon_core.package_identification:_identify(install) by extension 'ignore'
[0.706s] Level 1:colcon.colcon_core.package_identification:_identify(install) ignored
[0.706s] Level 1:colcon.colcon_core.package_identification:_identify(log) by extensions ['ignore', 'ignore_ament_install']
[0.706s] Level 1:colcon.colcon_core.package_identification:_identify(log) by extension 'ignore'
[0.706s] Level 1:colcon.colcon_core.package_identification:_identify(log) ignored
[0.706s] Level 1:colcon.colcon_core.package_identification:_identify(urdf_tutorial) by extensions ['ignore', 'ignore_ament_install']
[0.706s] Level 1:colcon.colcon_core.package_identification:_identify(urdf_tutorial) by extension 'ignore'
[0.707s] Level 1:colcon.colcon_core.package_identification:_identify(urdf_tutorial) by extension 'ignore_ament_install'
[0.707s] Level 1:colcon.colcon_core.package_identification:_identify(urdf_tutorial) by extensions ['colcon_pkg']
[0.707s] Level 1:colcon.colcon_core.package_identification:_identify(urdf_tutorial) by extension 'colcon_pkg'
[0.707s] Level 1:colcon.colcon_core.package_identification:_identify(urdf_tutorial) by extensions ['colcon_meta']
[0.707s] Level 1:colcon.colcon_core.package_identification:_identify(urdf_tutorial) by extension 'colcon_meta'
[0.707s] Level 1:colcon.colcon_core.package_identification:_identify(urdf_tutorial) by extensions ['ros']
[0.707s] Level 1:colcon.colcon_core.package_identification:_identify(urdf_tutorial) by extension 'ros'
[0.717s] DEBUG:colcon.colcon_core.package_identification:Package 'urdf_tutorial' with type 'ros.ament_python' and name 'urdf_tutorial'
[0.718s] Level 1:colcon.colcon_core.package_discovery:discover_packages(recursive) using defaults
[0.718s] Level 1:colcon.colcon_core.package_discovery:discover_packages(ignore) discover
[0.718s] Level 1:colcon.colcon_core.package_discovery:discover_packages(ignore) using defaults
[0.718s] Level 1:colcon.colcon_core.package_discovery:discover_packages(path) discover
[0.718s] Level 1:colcon.colcon_core.package_discovery:discover_packages(path) using defaults
[0.780s] Level 5:colcon.colcon_core.verb:set package 'urdf_tutorial' build argument 'cmake_args' from command line to 'None'
[0.781s] Level 5:colcon.colcon_core.verb:set package 'urdf_tutorial' build argument 'cmake_target' from command line to 'None'
[0.781s] Level 5:colcon.colcon_core.verb:set package 'urdf_tutorial' build argument 'cmake_target_skip_unavailable' from command line to 'False'
[0.781s] Level 5:colcon.colcon_core.verb:set package 'urdf_tutorial' build argument 'cmake_clean_cache' from command line to 'False'
[0.781s] Level 5:colcon.colcon_core.verb:set package 'urdf_tutorial' build argument 'cmake_clean_first' from command line to 'False'
[0.781s] Level 5:colcon.colcon_core.verb:set package 'urdf_tutorial' build argument 'cmake_force_configure' from command line to 'False'
[0.781s] Level 5:colcon.colcon_core.verb:set package 'urdf_tutorial' build argument 'ament_cmake_args' from command line to 'None'
[0.781s] Level 5:colcon.colcon_core.verb:set package 'urdf_tutorial' build argument 'catkin_cmake_args' from command line to 'None'
[0.781s] Level 5:colcon.colcon_core.verb:set package 'urdf_tutorial' build argument 'catkin_skip_building_tests' from command line to 'False'
[0.781s] DEBUG:colcon.colcon_core.verb:Building package 'urdf_tutorial' with the following arguments: {'ament_cmake_args': None, 'build_base': '/home/student/Desktop/final/build/urdf_tutorial', 'catkin_cmake_args': None, 'catkin_skip_building_tests': False, 'cmake_args': None, 'cmake_clean_cache': False, 'cmake_clean_first': False, 'cmake_force_configure': False, 'cmake_target': None, 'cmake_target_skip_unavailable': False, 'install_base': '/home/student/Desktop/final/install/urdf_tutorial', 'merge_install': False, 'path': '/home/student/Desktop/final/urdf_tutorial', 'symlink_install': True, 'test_result_base': None}
[0.782s] INFO:colcon.colcon_core.executor:Executing jobs using 'parallel' executor
[0.785s] DEBUG:colcon.colcon_parallel_executor.executor.parallel:run_until_complete
[0.786s] INFO:colcon.colcon_ros.task.ament_python.build:Building ROS package in '/home/student/Desktop/final/urdf_tutorial' with build type 'ament_python'
[0.787s] Level 1:colcon.colcon_core.shell:create_environment_hook('urdf_tutorial', 'ament_prefix_path')
[0.806s] INFO:colcon.colcon_core.plugin_system:Skipping extension 'colcon_core.shell.bat': Not used on non-Windows systems
[0.807s] INFO:colcon.colcon_core.shell:Creating environment hook '/home/student/Desktop/final/install/urdf_tutorial/share/urdf_tutorial/hook/ament_prefix_path.ps1'
[0.809s] INFO:colcon.colcon_core.shell:Creating environment descriptor '/home/student/Desktop/final/install/urdf_tutorial/share/urdf_tutorial/hook/ament_prefix_path.dsv'
[0.810s] INFO:colcon.colcon_core.shell:Creating environment hook '/home/student/Desktop/final/install/urdf_tutorial/share/urdf_tutorial/hook/ament_prefix_path.sh'
[0.815s] INFO:colcon.colcon_core.shell:Skip shell extension 'powershell' for command environment: Not usable outside of PowerShell
[0.815s] DEBUG:colcon.colcon_core.shell:Skip shell extension 'dsv' for command environment
[0.830s] DEBUG:colcon.colcon_core.shell:Ignoring prefix path '/opt/ros/foxy'
[1.416s] INFO:colcon.colcon_core.task.python.build:Building Python package in '/home/student/Desktop/final/urdf_tutorial'
[1.417s] INFO:colcon.colcon_core.shell:Skip shell extension 'powershell' for command environment: Not usable outside of PowerShell
[1.417s] DEBUG:colcon.colcon_core.shell:Skip shell extension 'dsv' for command environment
[1.420s] DEBUG:colcon.colcon_core.shell:Ignoring prefix path '/opt/ros/foxy'
[1.438s] DEBUG:colcon.colcon_core.event_handler.log_command:Invoking command in '/home/student/Desktop/final/build/urdf_tutorial': PYTHONPATH=/home/student/Desktop/final/install/urdf_tutorial/lib/python3.8/site-packages:${PYTHONPATH} /usr/bin/python3 setup.py develop --prefix /home/student/Desktop/final/install/urdf_tutorial --editable --build-directory /home/student/Desktop/final/build/urdf_tutorial/build --no-deps install_data --install-dir /home/student/Desktop/final/install/urdf_tutorial
[2.600s] Level 1:colcon.colcon_core.shell:create_environment_hook('urdf_tutorial', 'pythonpath_develop')
[2.601s] INFO:colcon.colcon_core.shell:Creating environment hook '/home/student/Desktop/final/build/urdf_tutorial/share/urdf_tutorial/hook/pythonpath_develop.ps1'
[2.603s] INFO:colcon.colcon_core.shell:Creating environment descriptor '/home/student/Desktop/final/build/urdf_tutorial/share/urdf_tutorial/hook/pythonpath_develop.dsv'
[2.604s] DEBUG:colcon.colcon_core.event_handler.log_command:Invoked command in '/home/student/Desktop/final/build/urdf_tutorial' returned '0': PYTHONPATH=/home/student/Desktop/final/install/urdf_tutorial/lib/python3.8/site-packages:${PYTHONPATH} /usr/bin/python3 setup.py develop --prefix /home/student/Desktop/final/install/urdf_tutorial --editable --build-directory /home/student/Desktop/final/build/urdf_tutorial/build --no-deps install_data --install-dir /home/student/Desktop/final/install/urdf_tutorial
[2.604s] INFO:colcon.colcon_core.shell:Creating environment hook '/home/student/Desktop/final/build/urdf_tutorial/share/urdf_tutorial/hook/pythonpath_develop.sh'
[2.630s] Level 1:colcon.colcon_core.environment:checking '/home/student/Desktop/final/install/urdf_tutorial' for CMake module files
[2.631s] Level 1:colcon.colcon_core.environment:checking '/home/student/Desktop/final/install/urdf_tutorial' for CMake config files
[2.634s] Level 1:colcon.colcon_core.environment:checking '/home/student/Desktop/final/install/urdf_tutorial/lib'
[2.634s] Level 1:colcon.colcon_core.environment:checking '/home/student/Desktop/final/install/urdf_tutorial/bin'
[2.634s] Level 1:colcon.colcon_core.environment:checking '/home/student/Desktop/final/install/urdf_tutorial/lib/pkgconfig/urdf_tutorial.pc'
[2.634s] Level 1:colcon.colcon_core.environment:checking '/home/student/Desktop/final/install/urdf_tutorial/lib/python3.8/site-packages'
[2.634s] Level 1:colcon.colcon_core.shell:create_environment_hook('urdf_tutorial', 'pythonpath')
[2.636s] INFO:colcon.colcon_core.shell:Creating environment hook '/home/student/Desktop/final/install/urdf_tutorial/share/urdf_tutorial/hook/pythonpath.ps1'
[2.637s] INFO:colcon.colcon_core.shell:Creating environment descriptor '/home/student/Desktop/final/install/urdf_tutorial/share/urdf_tutorial/hook/pythonpath.dsv'
[2.638s] INFO:colcon.colcon_core.shell:Creating environment hook '/home/student/Desktop/final/install/urdf_tutorial/share/urdf_tutorial/hook/pythonpath.sh'
[2.639s] Level 1:colcon.colcon_core.environment:create_environment_scripts_only(urdf_tutorial)
[2.646s] INFO:colcon.colcon_core.shell:Creating package script '/home/student/Desktop/final/install/urdf_tutorial/share/urdf_tutorial/package.ps1'
[2.651s] INFO:colcon.colcon_core.shell:Creating package descriptor '/home/student/Desktop/final/install/urdf_tutorial/share/urdf_tutorial/package.dsv'
[2.654s] INFO:colcon.colcon_core.shell:Creating package script '/home/student/Desktop/final/install/urdf_tutorial/share/urdf_tutorial/package.sh'
[2.660s] INFO:colcon.colcon_core.shell:Creating package script '/home/student/Desktop/final/install/urdf_tutorial/share/urdf_tutorial/package.bash'
[2.664s] INFO:colcon.colcon_core.shell:Creating package script '/home/student/Desktop/final/install/urdf_tutorial/share/urdf_tutorial/package.zsh'
[2.669s] Level 1:colcon.colcon_core.environment:create_file_with_runtime_dependencies(/home/student/Desktop/final/install/urdf_tutorial/share/colcon-core/packages/urdf_tutorial)
[2.672s] DEBUG:colcon.colcon_parallel_executor.executor.parallel:closing loop
[2.672s] DEBUG:colcon.colcon_parallel_executor.executor.parallel:loop closed
[2.673s] DEBUG:colcon.colcon_parallel_executor.executor.parallel:run_until_complete finished with '0'
[2.677s] DEBUG:colcon.colcon_core.event_reactor:joining thread
[2.721s] INFO:colcon.colcon_core.plugin_system:Skipping extension 'colcon_notification.desktop_notification.terminal_notifier': Not used on non-Darwin systems
[2.721s] INFO:colcon.colcon_core.plugin_system:Skipping extension 'colcon_notification.desktop_notification.win32': Not used on non-Windows systems
[2.722s] INFO:colcon.colcon_notification.desktop_notification:Sending desktop notification using 'notify2'
[2.766s] DEBUG:colcon.colcon_core.event_reactor:joined thread
[2.768s] INFO:colcon.colcon_core.shell:Creating prefix script '/home/student/Desktop/final/install/local_setup.ps1'
[2.772s] INFO:colcon.colcon_core.shell:Creating prefix util module '/home/student/Desktop/final/install/_local_setup_util_ps1.py'
[2.783s] INFO:colcon.colcon_core.shell:Creating prefix chain script '/home/student/Desktop/final/install/setup.ps1'
[2.805s] INFO:colcon.colcon_core.shell:Creating prefix script '/home/student/Desktop/final/install/local_setup.sh'
[2.809s] INFO:colcon.colcon_core.shell:Creating prefix util module '/home/student/Desktop/final/install/_local_setup_util_sh.py'
[2.810s] INFO:colcon.colcon_core.shell:Creating prefix chain script '/home/student/Desktop/final/install/setup.sh'
[2.823s] INFO:colcon.colcon_core.shell:Creating prefix script '/home/student/Desktop/final/install/local_setup.bash'
[2.825s] INFO:colcon.colcon_core.shell:Creating prefix chain script '/home/student/Desktop/final/install/setup.bash'
[2.836s] INFO:colcon.colcon_core.shell:Creating prefix script '/home/student/Desktop/final/install/local_setup.zsh'
[2.839s] INFO:colcon.colcon_core.shell:Creating prefix chain script '/home/student/Desktop/final/install/setup.zsh'
