running develop
running egg_info
writing ../build/urdf_tutorial/urdf_tutorial.egg-info/PKG-INFO
writing dependency_links to ../build/urdf_tutorial/urdf_tutorial.egg-info/dependency_links.txt
writing entry points to ../build/urdf_tutorial/urdf_tutorial.egg-info/entry_points.txt
writing requirements to ../build/urdf_tutorial/urdf_tutorial.egg-info/requires.txt
writing top-level names to ../build/urdf_tutorial/urdf_tutorial.egg-info/top_level.txt
reading manifest file '../build/urdf_tutorial/urdf_tutorial.egg-info/SOURCES.txt'
writing manifest file '../build/urdf_tutorial/urdf_tutorial.egg-info/SOURCES.txt'
running build
running build_py
running install
running install_lib
running install_data
copying urdf/r2d21.urdf.xml -> /home/student/Desktop/final/install/urdf_tutorial/share/urdf_tutorial
copying urdf/r2d21.rviz -> /home/student/Desktop/final/install/urdf_tutorial/share/urdf_tutorial
running install_egg_info
removing '/home/student/Desktop/final/install/urdf_tutorial/lib/python3.8/site-packages/urdf_tutorial-0.0.0-py3.8.egg-info' (and everything under it)
Copying ../build/urdf_tutorial/urdf_tutorial.egg-info to /home/student/Desktop/final/install/urdf_tutorial/lib/python3.8/site-packages/urdf_tutorial-0.0.0-py3.8.egg-info
running install_scripts
Installing state_publisher script to /home/student/Desktop/final/install/urdf_tutorial/lib/urdf_tutorial
writing list of installed files to '/home/student/Desktop/final/build/urdf_tutorial/install.log'
