running egg_info
creating ../build/lab2/lab2.egg-info
writing ../build/lab2/lab2.egg-info/PKG-INFO
writing dependency_links to ../build/lab2/lab2.egg-info/dependency_links.txt
writing entry points to ../build/lab2/lab2.egg-info/entry_points.txt
writing requirements to ../build/lab2/lab2.egg-info/requires.txt
writing top-level names to ../build/lab2/lab2.egg-info/top_level.txt
writing manifest file '../build/lab2/lab2.egg-info/SOURCES.txt'
reading manifest file '../build/lab2/lab2.egg-info/SOURCES.txt'
writing manifest file '../build/lab2/lab2.egg-info/SOURCES.txt'
running build
running build_py
creating /home/student/Desktop/Git2/build/lab2/build
creating /home/student/Desktop/Git2/build/lab2/build/lib
creating /home/student/Desktop/Git2/build/lab2/build/lib/lab2
copying lab2/__init__.py -> /home/student/Desktop/Git2/build/lab2/build/lib/lab2
running install
running install_lib
creating /home/student/Desktop/Git2/install/lab2/lib/python3.8/site-packages/lab2
copying /home/student/Desktop/Git2/build/lab2/build/lib/lab2/__init__.py -> /home/student/Desktop/Git2/install/lab2/lib/python3.8/site-packages/lab2
byte-compiling /home/student/Desktop/Git2/install/lab2/lib/python3.8/site-packages/lab2/__init__.py to __init__.cpython-38.pyc
running install_data
creating /home/student/Desktop/Git2/install/lab2/share/ament_index
creating /home/student/Desktop/Git2/install/lab2/share/ament_index/resource_index
creating /home/student/Desktop/Git2/install/lab2/share/ament_index/resource_index/packages
copying resource/lab2 -> /home/student/Desktop/Git2/install/lab2/share/ament_index/resource_index/packages
copying package.xml -> /home/student/Desktop/Git2/install/lab2/share/lab2
running install_egg_info
Copying ../build/lab2/lab2.egg-info to /home/student/Desktop/Git2/install/lab2/lib/python3.8/site-packages/lab2-0.0.0-py3.8.egg-info
running install_scripts
writing list of installed files to '/home/student/Desktop/Git2/build/lab2/install.log'
