[0.582s] Invoking command in '/home/student/Desktop/Git2/lab2': PYTHONPATH=/home/student/Desktop/Git2/install/lab2/lib/python3.8/site-packages:${PYTHONPATH} /usr/bin/python3 setup.py egg_info --egg-base ../build/lab2 build --build-base /home/student/Desktop/Git2/build/lab2/build install --prefix /home/student/Desktop/Git2/install/lab2 --record /home/student/Desktop/Git2/build/lab2/install.log --single-version-externally-managed
[0.936s] running egg_info
[0.936s] creating ../build/lab2/lab2.egg-info
[0.937s] writing ../build/lab2/lab2.egg-info/PKG-INFO
[0.937s] writing dependency_links to ../build/lab2/lab2.egg-info/dependency_links.txt
[0.937s] writing entry points to ../build/lab2/lab2.egg-info/entry_points.txt
[0.939s] writing requirements to ../build/lab2/lab2.egg-info/requires.txt
[0.939s] writing top-level names to ../build/lab2/lab2.egg-info/top_level.txt
[0.942s] writing manifest file '../build/lab2/lab2.egg-info/SOURCES.txt'
[1.028s] reading manifest file '../build/lab2/lab2.egg-info/SOURCES.txt'
[1.029s] writing manifest file '../build/lab2/lab2.egg-info/SOURCES.txt'
[1.029s] running build
[1.029s] running build_py
[1.030s] creating /home/student/Desktop/Git2/build/lab2/build
[1.030s] creating /home/student/Desktop/Git2/build/lab2/build/lib
[1.030s] creating /home/student/Desktop/Git2/build/lab2/build/lib/lab2
[1.030s] copying lab2/__init__.py -> /home/student/Desktop/Git2/build/lab2/build/lib/lab2
[1.030s] running install
[1.032s] running install_lib
[1.035s] creating /home/student/Desktop/Git2/install/lab2/lib/python3.8/site-packages/lab2
[1.035s] copying /home/student/Desktop/Git2/build/lab2/build/lib/lab2/__init__.py -> /home/student/Desktop/Git2/install/lab2/lib/python3.8/site-packages/lab2
[1.035s] byte-compiling /home/student/Desktop/Git2/install/lab2/lib/python3.8/site-packages/lab2/__init__.py to __init__.cpython-38.pyc
[1.039s] running install_data
[1.039s] creating /home/student/Desktop/Git2/install/lab2/share/ament_index
[1.039s] creating /home/student/Desktop/Git2/install/lab2/share/ament_index/resource_index
[1.040s] creating /home/student/Desktop/Git2/install/lab2/share/ament_index/resource_index/packages
[1.040s] copying resource/lab2 -> /home/student/Desktop/Git2/install/lab2/share/ament_index/resource_index/packages
[1.040s] copying package.xml -> /home/student/Desktop/Git2/install/lab2/share/lab2
[1.040s] running install_egg_info
[1.043s] Copying ../build/lab2/lab2.egg-info to /home/student/Desktop/Git2/install/lab2/lib/python3.8/site-packages/lab2-0.0.0-py3.8.egg-info
[1.044s] running install_scripts
[1.104s] writing list of installed files to '/home/student/Desktop/Git2/build/lab2/install.log'
[1.162s] Invoked command in '/home/student/Desktop/Git2/lab2' returned '0': PYTHONPATH=/home/student/Desktop/Git2/install/lab2/lib/python3.8/site-packages:${PYTHONPATH} /usr/bin/python3 setup.py egg_info --egg-base ../build/lab2 build --build-base /home/student/Desktop/Git2/build/lab2/build install --prefix /home/student/Desktop/Git2/install/lab2 --record /home/student/Desktop/Git2/build/lab2/install.log --single-version-externally-managed
