running develop
Removing /home/student/Desktop/final/install/urdf_tutorial/lib/python3.8/site-packages/urdf-tutorial.egg-link (link to .)
running egg_info
writing ../build/urdf_tutorial/urdf_tutorial.egg-info/PKG-INFO
writing dependency_links to ../build/urdf_tutorial/urdf_tutorial.egg-info/dependency_links.txt
writing entry points to ../build/urdf_tutorial/urdf_tutorial.egg-info/entry_points.txt
writing requirements to ../build/urdf_tutorial/urdf_tutorial.egg-info/requires.txt
writing top-level names to ../build/urdf_tutorial/urdf_tutorial.egg-info/top_level.txt
reading manifest file '../build/urdf_tutorial/urdf_tutorial.egg-info/SOURCES.txt'
writing manifest file '../build/urdf_tutorial/urdf_tutorial.egg-info/SOURCES.txt'
running build
running build_py
creating /home/student/Desktop/final/build/urdf_tutorial/build
creating /home/student/Desktop/final/build/urdf_tutorial/build/lib
creating /home/student/Desktop/final/build/urdf_tutorial/build/lib/urdf_tutorial
copying urdf_tutorial/__init__.py -> /home/student/Desktop/final/build/urdf_tutorial/build/lib/urdf_tutorial
copying urdf_tutorial/state_publisher.py -> /home/student/Desktop/final/build/urdf_tutorial/build/lib/urdf_tutorial
copying urdf_tutorial/state_publisher1.py -> /home/student/Desktop/final/build/urdf_tutorial/build/lib/urdf_tutorial
running install
running install_lib
creating /home/student/Desktop/final/install/urdf_tutorial/lib/python3.8/site-packages/urdf_tutorial
copying /home/student/Desktop/final/build/urdf_tutorial/build/lib/urdf_tutorial/__init__.py -> /home/student/Desktop/final/install/urdf_tutorial/lib/python3.8/site-packages/urdf_tutorial
copying /home/student/Desktop/final/build/urdf_tutorial/build/lib/urdf_tutorial/state_publisher.py -> /home/student/Desktop/final/install/urdf_tutorial/lib/python3.8/site-packages/urdf_tutorial
copying /home/student/Desktop/final/build/urdf_tutorial/build/lib/urdf_tutorial/state_publisher1.py -> /home/student/Desktop/final/install/urdf_tutorial/lib/python3.8/site-packages/urdf_tutorial
byte-compiling /home/student/Desktop/final/install/urdf_tutorial/lib/python3.8/site-packages/urdf_tutorial/__init__.py to __init__.cpython-38.pyc
byte-compiling /home/student/Desktop/final/install/urdf_tutorial/lib/python3.8/site-packages/urdf_tutorial/state_publisher.py to state_publisher.cpython-38.pyc
byte-compiling /home/student/Desktop/final/install/urdf_tutorial/lib/python3.8/site-packages/urdf_tutorial/state_publisher1.py to state_publisher1.cpython-38.pyc
running install_data
running install_egg_info
Copying ../build/urdf_tutorial/urdf_tutorial.egg-info to /home/student/Desktop/final/install/urdf_tutorial/lib/python3.8/site-packages/urdf_tutorial-0.0.0-py3.8.egg-info
running install_scripts
Installing state_publisher script to /home/student/Desktop/final/install/urdf_tutorial/lib/urdf_tutorial
writing list of installed files to '/home/student/Desktop/final/build/urdf_tutorial/install.log'
