[0.321s] Invoking command in '/home/student/Desktop/final/build/urdf_tutorial': PYTHONPATH=/home/student/Desktop/final/install/urdf_tutorial/lib/python3.8/site-packages:${PYTHONPATH} /usr/bin/python3 setup.py develop --prefix /home/student/Desktop/final/install/urdf_tutorial --uninstall --editable --build-directory /home/student/Desktop/final/build/urdf_tutorial/build
[0.640s] running develop
[0.812s] Removing /home/student/Desktop/final/install/urdf_tutorial/lib/python3.8/site-packages/urdf-tutorial.egg-link (link to .)
[0.850s] Invoked command in '/home/student/Desktop/final/build/urdf_tutorial' returned '0': PYTHONPATH=/home/student/Desktop/final/install/urdf_tutorial/lib/python3.8/site-packages:${PYTHONPATH} /usr/bin/python3 setup.py develop --prefix /home/student/Desktop/final/install/urdf_tutorial --uninstall --editable --build-directory /home/student/Desktop/final/build/urdf_tutorial/build
[0.851s] Invoking command in '/home/student/Desktop/final/urdf_tutorial': PYTHONPATH=/home/student/Desktop/final/install/urdf_tutorial/lib/python3.8/site-packages:${PYTHONPATH} /usr/bin/python3 setup.py egg_info --egg-base ../build/urdf_tutorial build --build-base /home/student/Desktop/final/build/urdf_tutorial/build install --prefix /home/student/Desktop/final/install/urdf_tutorial --record /home/student/Desktop/final/build/urdf_tutorial/install.log --single-version-externally-managed
[1.129s] running egg_info
[1.130s] writing ../build/urdf_tutorial/urdf_tutorial.egg-info/PKG-INFO
[1.130s] writing dependency_links to ../build/urdf_tutorial/urdf_tutorial.egg-info/dependency_links.txt
[1.130s] writing entry points to ../build/urdf_tutorial/urdf_tutorial.egg-info/entry_points.txt
[1.131s] writing requirements to ../build/urdf_tutorial/urdf_tutorial.egg-info/requires.txt
[1.131s] writing top-level names to ../build/urdf_tutorial/urdf_tutorial.egg-info/top_level.txt
[1.202s] reading manifest file '../build/urdf_tutorial/urdf_tutorial.egg-info/SOURCES.txt'
[1.204s] writing manifest file '../build/urdf_tutorial/urdf_tutorial.egg-info/SOURCES.txt'
[1.204s] running build
[1.204s] running build_py
[1.205s] creating /home/student/Desktop/final/build/urdf_tutorial/build
[1.205s] creating /home/student/Desktop/final/build/urdf_tutorial/build/lib
[1.205s] creating /home/student/Desktop/final/build/urdf_tutorial/build/lib/urdf_tutorial
[1.205s] copying urdf_tutorial/__init__.py -> /home/student/Desktop/final/build/urdf_tutorial/build/lib/urdf_tutorial
[1.206s] copying urdf_tutorial/state_publisher.py -> /home/student/Desktop/final/build/urdf_tutorial/build/lib/urdf_tutorial
[1.206s] copying urdf_tutorial/state_publisher1.py -> /home/student/Desktop/final/build/urdf_tutorial/build/lib/urdf_tutorial
[1.206s] running install
[1.207s] running install_lib
[1.208s] creating /home/student/Desktop/final/install/urdf_tutorial/lib/python3.8/site-packages/urdf_tutorial
[1.208s] copying /home/student/Desktop/final/build/urdf_tutorial/build/lib/urdf_tutorial/__init__.py -> /home/student/Desktop/final/install/urdf_tutorial/lib/python3.8/site-packages/urdf_tutorial
[1.209s] copying /home/student/Desktop/final/build/urdf_tutorial/build/lib/urdf_tutorial/state_publisher.py -> /home/student/Desktop/final/install/urdf_tutorial/lib/python3.8/site-packages/urdf_tutorial
[1.209s] copying /home/student/Desktop/final/build/urdf_tutorial/build/lib/urdf_tutorial/state_publisher1.py -> /home/student/Desktop/final/install/urdf_tutorial/lib/python3.8/site-packages/urdf_tutorial
[1.209s] byte-compiling /home/student/Desktop/final/install/urdf_tutorial/lib/python3.8/site-packages/urdf_tutorial/__init__.py to __init__.cpython-38.pyc
[1.211s] byte-compiling /home/student/Desktop/final/install/urdf_tutorial/lib/python3.8/site-packages/urdf_tutorial/state_publisher.py to state_publisher.cpython-38.pyc
[1.212s] byte-compiling /home/student/Desktop/final/install/urdf_tutorial/lib/python3.8/site-packages/urdf_tutorial/state_publisher1.py to state_publisher1.cpython-38.pyc
[1.212s] running install_data
[1.215s] running install_egg_info
[1.217s] Copying ../build/urdf_tutorial/urdf_tutorial.egg-info to /home/student/Desktop/final/install/urdf_tutorial/lib/python3.8/site-packages/urdf_tutorial-0.0.0-py3.8.egg-info
[1.219s] running install_scripts
[1.245s] Installing state_publisher script to /home/student/Desktop/final/install/urdf_tutorial/lib/urdf_tutorial
[1.246s] writing list of installed files to '/home/student/Desktop/final/build/urdf_tutorial/install.log'
[1.269s] Invoked command in '/home/student/Desktop/final/urdf_tutorial' returned '0': PYTHONPATH=/home/student/Desktop/final/install/urdf_tutorial/lib/python3.8/site-packages:${PYTHONPATH} /usr/bin/python3 setup.py egg_info --egg-base ../build/urdf_tutorial build --build-base /home/student/Desktop/final/build/urdf_tutorial/build install --prefix /home/student/Desktop/final/install/urdf_tutorial --record /home/student/Desktop/final/build/urdf_tutorial/install.log --single-version-externally-managed
