[0.235s] DEBUG:colcon:Command line arguments: ['/usr/bin/colcon', 'build', '--symlink-install']
[0.235s] DEBUG:colcon:Parsed command line arguments: Namespace(ament_cmake_args=None, base_paths=['.'], build_base='build', catkin_cmake_args=None, catkin_skip_building_tests=False, cmake_args=None, cmake_clean_cache=False, cmake_clean_first=False, cmake_force_configure=False, cmake_target=None, cmake_target_skip_unavailable=False, continue_on_error=False, event_handlers=None, executor='parallel', ignore_user_meta=False, install_base='install', log_base=None, log_level=None, main=<bound method BuildVerb.main of <colcon_core.verb.build.BuildVerb object at 0x7f66e0335be0>>, merge_install=False, metas=['./colcon.meta'], packages_above=None, packages_above_and_dependencies=None, packages_above_depth=None, packages_end=None, packages_ignore=None, packages_ignore_regex=None, packages_select=None, packages_select_build_failed=False, packages_select_by_dep=None, packages_select_regex=None, packages_select_test_failures=False, packages_skip=None, packages_skip_build_finished=False, packages_skip_by_dep=None, packages_skip_regex=None, packages_skip_test_passed=False, packages_skip_up_to=None, packages_start=None, packages_up_to=None, packages_up_to_regex=None, parallel_workers=2, paths=None, symlink_install=True, test_result_base=None, verb_extension=<colcon_core.verb.build.BuildVerb object at 0x7f66e0335be0>, verb_name='build', verb_parser=<colcon_defaults.argument_parser.defaults.DefaultArgumentsDecorator object at 0x7f66e0348100>)
[0.261s] Level 1:colcon.colcon_core.package_discovery:discover_packages(colcon_meta) check parameters
[0.262s] Level 1:colcon.colcon_core.package_discovery:discover_packages(recursive) check parameters
[0.262s] Level 1:colcon.colcon_core.package_discovery:discover_packages(ignore) check parameters
[0.262s] Level 1:colcon.colcon_core.package_discovery:discover_packages(path) check parameters
[0.262s] Level 1:colcon.colcon_core.package_discovery:discover_packages(colcon_meta) discover
[0.262s] Level 1:colcon.colcon_core.package_discovery:discover_packages(recursive) discover
[0.262s] INFO:colcon.colcon_core.package_discovery:Crawling recursively for packages in '/home/przemyslaw/zadanie_3_ostatecznie/zadanie3'
[0.262s] Level 1:colcon.colcon_core.package_identification:_identify(.) by extensions ['ignore', 'ignore_ament_install']
[0.262s] Level 1:colcon.colcon_core.package_identification:_identify(.) by extension 'ignore'
[0.262s] Level 1:colcon.colcon_core.package_identification:_identify(.) by extension 'ignore_ament_install'
[0.262s] Level 1:colcon.colcon_core.package_identification:_identify(.) by extensions ['colcon_pkg']
[0.262s] Level 1:colcon.colcon_core.package_identification:_identify(.) by extension 'colcon_pkg'
[0.262s] Level 1:colcon.colcon_core.package_identification:_identify(.) by extensions ['colcon_meta']
[0.262s] Level 1:colcon.colcon_core.package_identification:_identify(.) by extension 'colcon_meta'
[0.262s] Level 1:colcon.colcon_core.package_identification:_identify(.) by extensions ['ros']
[0.262s] Level 1:colcon.colcon_core.package_identification:_identify(.) by extension 'ros'
[0.289s] DEBUG:colcon.colcon_core.package_identification:Package '.' with type 'ros.ament_python' and name 'zadanie3'
[0.289s] Level 1:colcon.colcon_core.package_discovery:discover_packages(recursive) using defaults
[0.290s] Level 1:colcon.colcon_core.package_discovery:discover_packages(ignore) discover
[0.290s] Level 1:colcon.colcon_core.package_discovery:discover_packages(ignore) using defaults
[0.290s] Level 1:colcon.colcon_core.package_discovery:discover_packages(path) discover
[0.290s] Level 1:colcon.colcon_core.package_discovery:discover_packages(path) using defaults
[0.355s] Level 5:colcon.colcon_core.verb:set package 'zadanie3' build argument 'cmake_args' from command line to 'None'
[0.355s] Level 5:colcon.colcon_core.verb:set package 'zadanie3' build argument 'cmake_target' from command line to 'None'
[0.355s] Level 5:colcon.colcon_core.verb:set package 'zadanie3' build argument 'cmake_target_skip_unavailable' from command line to 'False'
[0.355s] Level 5:colcon.colcon_core.verb:set package 'zadanie3' build argument 'cmake_clean_cache' from command line to 'False'
[0.355s] Level 5:colcon.colcon_core.verb:set package 'zadanie3' build argument 'cmake_clean_first' from command line to 'False'
[0.355s] Level 5:colcon.colcon_core.verb:set package 'zadanie3' build argument 'cmake_force_configure' from command line to 'False'
[0.355s] Level 5:colcon.colcon_core.verb:set package 'zadanie3' build argument 'ament_cmake_args' from command line to 'None'
[0.355s] Level 5:colcon.colcon_core.verb:set package 'zadanie3' build argument 'catkin_cmake_args' from command line to 'None'
[0.355s] Level 5:colcon.colcon_core.verb:set package 'zadanie3' build argument 'catkin_skip_building_tests' from command line to 'False'
[0.356s] DEBUG:colcon.colcon_core.verb:Building package 'zadanie3' with the following arguments: {'ament_cmake_args': None, 'build_base': '/home/przemyslaw/zadanie_3_ostatecznie/zadanie3/build/zadanie3', 'catkin_cmake_args': None, 'catkin_skip_building_tests': False, 'cmake_args': None, 'cmake_clean_cache': False, 'cmake_clean_first': False, 'cmake_force_configure': False, 'cmake_target': None, 'cmake_target_skip_unavailable': False, 'install_base': '/home/przemyslaw/zadanie_3_ostatecznie/zadanie3/install/zadanie3', 'merge_install': False, 'path': '/home/przemyslaw/zadanie_3_ostatecznie/zadanie3', 'symlink_install': True, 'test_result_base': None}
[0.356s] INFO:colcon.colcon_core.executor:Executing jobs using 'parallel' executor
[0.359s] DEBUG:colcon.colcon_parallel_executor.executor.parallel:run_until_complete
[0.359s] INFO:colcon.colcon_ros.task.ament_python.build:Building ROS package in '/home/przemyslaw/zadanie_3_ostatecznie/zadanie3' with build type 'ament_python'
[0.359s] Level 1:colcon.colcon_core.shell:create_environment_hook('zadanie3', 'ament_prefix_path')
[0.369s] INFO:colcon.colcon_core.plugin_system:Skipping extension 'colcon_core.shell.bat': Not used on non-Windows systems
[0.369s] INFO:colcon.colcon_core.shell:Creating environment hook '/home/przemyslaw/zadanie_3_ostatecznie/zadanie3/install/zadanie3/share/zadanie3/hook/ament_prefix_path.ps1'
[0.371s] INFO:colcon.colcon_core.shell:Creating environment descriptor '/home/przemyslaw/zadanie_3_ostatecznie/zadanie3/install/zadanie3/share/zadanie3/hook/ament_prefix_path.dsv'
[0.372s] INFO:colcon.colcon_core.shell:Creating environment hook '/home/przemyslaw/zadanie_3_ostatecznie/zadanie3/install/zadanie3/share/zadanie3/hook/ament_prefix_path.sh'
[0.373s] INFO:colcon.colcon_core.shell:Skip shell extension 'powershell' for command environment: Not usable outside of PowerShell
[0.374s] DEBUG:colcon.colcon_core.shell:Skip shell extension 'dsv' for command environment
[0.379s] DEBUG:colcon.colcon_core.shell:Ignoring prefix path '/opt/ros/foxy'
[0.730s] INFO:colcon.colcon_core.task.python.build:Building Python package in '/home/przemyslaw/zadanie_3_ostatecznie/zadanie3'
[0.731s] INFO:colcon.colcon_core.shell:Skip shell extension 'powershell' for command environment: Not usable outside of PowerShell
[0.731s] DEBUG:colcon.colcon_core.shell:Skip shell extension 'dsv' for command environment
[0.734s] DEBUG:colcon.colcon_core.shell:Ignoring prefix path '/opt/ros/foxy'
[0.742s] DEBUG:colcon.colcon_core.event_handler.log_command:Invoking command in '/home/przemyslaw/zadanie_3_ostatecznie/zadanie3/build/zadanie3': PYTHONPATH=/home/przemyslaw/zadanie_3_ostatecznie/zadanie3/install/zadanie3/lib/python3.8/site-packages:${PYTHONPATH} /usr/bin/python3 setup.py develop --prefix /home/przemyslaw/zadanie_3_ostatecznie/zadanie3/install/zadanie3 --editable --build-directory /home/przemyslaw/zadanie_3_ostatecznie/zadanie3/build/zadanie3/build --no-deps install_data --install-dir /home/przemyslaw/zadanie_3_ostatecznie/zadanie3/install/zadanie3
[1.549s] DEBUG:colcon.colcon_core.event_handler.log_command:Invoked command in '/home/przemyslaw/zadanie_3_ostatecznie/zadanie3/build/zadanie3' returned '1': PYTHONPATH=/home/przemyslaw/zadanie_3_ostatecznie/zadanie3/install/zadanie3/lib/python3.8/site-packages:${PYTHONPATH} /usr/bin/python3 setup.py develop --prefix /home/przemyslaw/zadanie_3_ostatecznie/zadanie3/install/zadanie3 --editable --build-directory /home/przemyslaw/zadanie_3_ostatecznie/zadanie3/build/zadanie3/build --no-deps install_data --install-dir /home/przemyslaw/zadanie_3_ostatecznie/zadanie3/install/zadanie3
[1.559s] DEBUG:colcon.colcon_parallel_executor.executor.parallel:closing loop
[1.559s] DEBUG:colcon.colcon_parallel_executor.executor.parallel:loop closed
[1.559s] DEBUG:colcon.colcon_parallel_executor.executor.parallel:run_until_complete finished with '1'
[1.560s] DEBUG:colcon.colcon_core.event_reactor:joining thread
[1.579s] INFO:colcon.colcon_core.plugin_system:Skipping extension 'colcon_notification.desktop_notification.terminal_notifier': Not used on non-Darwin systems
[1.580s] INFO:colcon.colcon_core.plugin_system:Skipping extension 'colcon_notification.desktop_notification.win32': Not used on non-Windows systems
[1.580s] INFO:colcon.colcon_notification.desktop_notification:Sending desktop notification using 'notify2'
[1.717s] DEBUG:colcon.colcon_core.event_reactor:joined thread
[1.718s] INFO:colcon.colcon_core.shell:Creating prefix script '/home/przemyslaw/zadanie_3_ostatecznie/zadanie3/install/local_setup.ps1'
[1.720s] INFO:colcon.colcon_core.shell:Creating prefix util module '/home/przemyslaw/zadanie_3_ostatecznie/zadanie3/install/_local_setup_util_ps1.py'
[1.723s] INFO:colcon.colcon_core.shell:Creating prefix chain script '/home/przemyslaw/zadanie_3_ostatecznie/zadanie3/install/setup.ps1'
[1.729s] INFO:colcon.colcon_core.shell:Creating prefix script '/home/przemyslaw/zadanie_3_ostatecznie/zadanie3/install/local_setup.sh'
[1.731s] INFO:colcon.colcon_core.shell:Creating prefix util module '/home/przemyslaw/zadanie_3_ostatecznie/zadanie3/install/_local_setup_util_sh.py'
[1.731s] INFO:colcon.colcon_core.shell:Creating prefix chain script '/home/przemyslaw/zadanie_3_ostatecznie/zadanie3/install/setup.sh'
[1.737s] INFO:colcon.colcon_core.shell:Creating prefix script '/home/przemyslaw/zadanie_3_ostatecznie/zadanie3/install/local_setup.bash'
[1.739s] INFO:colcon.colcon_core.shell:Creating prefix chain script '/home/przemyslaw/zadanie_3_ostatecznie/zadanie3/install/setup.bash'
[1.744s] INFO:colcon.colcon_core.shell:Creating prefix script '/home/przemyslaw/zadanie_3_ostatecznie/zadanie3/install/local_setup.zsh'
[1.746s] INFO:colcon.colcon_core.shell:Creating prefix chain script '/home/przemyslaw/zadanie_3_ostatecznie/zadanie3/install/setup.zsh'
