[2.938s] Invoking command in '/home/student/Desktop/final/build/urdf_tutorial': PYTHONPATH=/home/student/Desktop/final/install/urdf_tutorial/lib/python3.8/site-packages:${PYTHONPATH} /usr/bin/python3 setup.py develop --prefix /home/student/Desktop/final/install/urdf_tutorial --editable --build-directory /home/student/Desktop/final/build/urdf_tutorial/build --no-deps install_data --install-dir /home/student/Desktop/final/install/urdf_tutorial
[4.513s] running develop
[5.872s] running egg_info
[5.879s] writing urdf_tutorial.egg-info/PKG-INFO
[5.880s] writing dependency_links to urdf_tutorial.egg-info/dependency_links.txt
[5.882s] writing entry points to urdf_tutorial.egg-info/entry_points.txt
[5.882s] writing requirements to urdf_tutorial.egg-info/requires.txt
[5.882s] writing top-level names to urdf_tutorial.egg-info/top_level.txt
[6.061s] reading manifest file 'urdf_tutorial.egg-info/SOURCES.txt'
[6.061s] writing manifest file 'urdf_tutorial.egg-info/SOURCES.txt'
[6.307s] running build_ext
[6.312s] Creating /home/student/Desktop/final/install/urdf_tutorial/lib/python3.8/site-packages/urdf-tutorial.egg-link (link to .)
[6.312s] Installing state_publisher script to /home/student/Desktop/final/install/urdf_tutorial/lib/urdf_tutorial
[6.317s] 
[6.317s] Installed /home/student/Desktop/final/build/urdf_tutorial
[6.317s] running install_data
[6.322s] error: can't copy 'launch/demo1.launch.py': doesn't exist or not a regular file
[6.322s] copying launch/rviz.launch.py -> /home/student/Desktop/final/install/urdf_tutorial/share/urdf_tutorial
[6.322s] copying launch/demo.launch1.py -> /home/student/Desktop/final/install/urdf_tutorial/share/urdf_tutorial
[6.440s] Invoked command in '/home/student/Desktop/final/build/urdf_tutorial' returned '1': PYTHONPATH=/home/student/Desktop/final/install/urdf_tutorial/lib/python3.8/site-packages:${PYTHONPATH} /usr/bin/python3 setup.py develop --prefix /home/student/Desktop/final/install/urdf_tutorial --editable --build-directory /home/student/Desktop/final/build/urdf_tutorial/build --no-deps install_data --install-dir /home/student/Desktop/final/install/urdf_tutorial
