[0.494s] Invoking command in '/home/student/Desktop/final/build/urdf_tutorial': PYTHONPATH=/home/student/Desktop/final/install/urdf_tutorial/lib/python3.8/site-packages:${PYTHONPATH} /usr/bin/python3 setup.py develop --prefix /home/student/Desktop/final/install/urdf_tutorial --uninstall --editable --build-directory /home/student/Desktop/final/build/urdf_tutorial/build
[0.908s] running develop
[1.129s] Invoked command in '/home/student/Desktop/final/build/urdf_tutorial' returned '0': PYTHONPATH=/home/student/Desktop/final/install/urdf_tutorial/lib/python3.8/site-packages:${PYTHONPATH} /usr/bin/python3 setup.py develop --prefix /home/student/Desktop/final/install/urdf_tutorial --uninstall --editable --build-directory /home/student/Desktop/final/build/urdf_tutorial/build
[1.130s] Invoking command in '/home/student/Desktop/final/urdf_tutorial': PYTHONPATH=/home/student/Desktop/final/install/urdf_tutorial/lib/python3.8/site-packages:${PYTHONPATH} /usr/bin/python3 setup.py egg_info --egg-base ../build/urdf_tutorial build --build-base /home/student/Desktop/final/build/urdf_tutorial/build install --prefix /home/student/Desktop/final/install/urdf_tutorial --record /home/student/Desktop/final/build/urdf_tutorial/install.log --single-version-externally-managed
[1.491s] running egg_info
[1.492s] writing ../build/urdf_tutorial/urdf_tutorial.egg-info/PKG-INFO
[1.492s] writing dependency_links to ../build/urdf_tutorial/urdf_tutorial.egg-info/dependency_links.txt
[1.492s] writing entry points to ../build/urdf_tutorial/urdf_tutorial.egg-info/entry_points.txt
[1.493s] writing requirements to ../build/urdf_tutorial/urdf_tutorial.egg-info/requires.txt
[1.493s] writing top-level names to ../build/urdf_tutorial/urdf_tutorial.egg-info/top_level.txt
[1.570s] reading manifest file '../build/urdf_tutorial/urdf_tutorial.egg-info/SOURCES.txt'
[1.572s] writing manifest file '../build/urdf_tutorial/urdf_tutorial.egg-info/SOURCES.txt'
[1.573s] running build
[1.573s] running build_py
[1.574s] running install
[1.575s] running install_lib
[1.577s] running install_data
[1.578s] copying launch/demo.launch1.py -> /home/student/Desktop/final/install/urdf_tutorial/share/urdf_tutorial
[1.579s] copying urdf/r2d21.urdf.xml -> /home/student/Desktop/final/install/urdf_tutorial/share/urdf_tutorial
[1.579s] running install_egg_info
[1.582s] removing '/home/student/Desktop/final/install/urdf_tutorial/lib/python3.8/site-packages/urdf_tutorial-0.0.0-py3.8.egg-info' (and everything under it)
[1.582s] Copying ../build/urdf_tutorial/urdf_tutorial.egg-info to /home/student/Desktop/final/install/urdf_tutorial/lib/python3.8/site-packages/urdf_tutorial-0.0.0-py3.8.egg-info
[1.584s] running install_scripts
[1.615s] Installing state_publisher script to /home/student/Desktop/final/install/urdf_tutorial/lib/urdf_tutorial
[1.615s] writing list of installed files to '/home/student/Desktop/final/build/urdf_tutorial/install.log'
[1.641s] Invoked command in '/home/student/Desktop/final/urdf_tutorial' returned '0': PYTHONPATH=/home/student/Desktop/final/install/urdf_tutorial/lib/python3.8/site-packages:${PYTHONPATH} /usr/bin/python3 setup.py egg_info --egg-base ../build/urdf_tutorial build --build-base /home/student/Desktop/final/build/urdf_tutorial/build install --prefix /home/student/Desktop/final/install/urdf_tutorial --record /home/student/Desktop/final/build/urdf_tutorial/install.log --single-version-externally-managed
