[0.468s] Invoking command in '/home/przemyslaw/zadanie_3_ostatecznie/zadanie3/build/zadanie3': PYTHONPATH=/home/przemyslaw/zadanie_3_ostatecznie/zadanie3/install/zadanie3/lib/python3.8/site-packages:${PYTHONPATH} /usr/bin/python3 setup.py develop --prefix /home/przemyslaw/zadanie_3_ostatecznie/zadanie3/install/zadanie3 --editable --build-directory /home/przemyslaw/zadanie_3_ostatecznie/zadanie3/build/zadanie3/build --no-deps install_data --install-dir /home/przemyslaw/zadanie_3_ostatecznie/zadanie3/install/zadanie3
[0.898s] running develop
[1.112s] running egg_info
[1.112s] writing zadanie3.egg-info/PKG-INFO
[1.112s] writing dependency_links to zadanie3.egg-info/dependency_links.txt
[1.112s] writing entry points to zadanie3.egg-info/entry_points.txt
[1.112s] writing requirements to zadanie3.egg-info/requires.txt
[1.113s] writing top-level names to zadanie3.egg-info/top_level.txt
[1.169s] reading manifest file 'zadanie3.egg-info/SOURCES.txt'
[1.171s] writing manifest file 'zadanie3.egg-info/SOURCES.txt'
[1.237s] running build_ext
[1.237s] Creating /home/przemyslaw/zadanie_3_ostatecznie/zadanie3/install/zadanie3/lib/python3.8/site-packages/zadanie3.egg-link (link to .)
[1.239s] Installing joint_state_publisher script to /home/przemyslaw/zadanie_3_ostatecznie/zadanie3/install/zadanie3/lib/zadanie3
[1.239s] Installing kdl_dkin script to /home/przemyslaw/zadanie_3_ostatecznie/zadanie3/install/zadanie3/lib/zadanie3
[1.239s] Installing non_kdl_dkin script to /home/przemyslaw/zadanie_3_ostatecznie/zadanie3/install/zadanie3/lib/zadanie3
[1.240s] 
[1.240s] Installed /home/przemyslaw/zadanie_3_ostatecznie/zadanie3/build/zadanie3
[1.240s] running install_data
[1.240s] copying urdf/manipulator_fixed.urdf.xacro.xml -> /home/przemyslaw/zadanie_3_ostatecznie/zadanie3/install/zadanie3/share/zadanie3
[1.240s] copying urdf/parametryURDF.yaml -> /home/przemyslaw/zadanie_3_ostatecznie/zadanie3/install/zadanie3/share/zadanie3
[1.280s] Invoked command in '/home/przemyslaw/zadanie_3_ostatecznie/zadanie3/build/zadanie3' returned '0': PYTHONPATH=/home/przemyslaw/zadanie_3_ostatecznie/zadanie3/install/zadanie3/lib/python3.8/site-packages:${PYTHONPATH} /usr/bin/python3 setup.py develop --prefix /home/przemyslaw/zadanie_3_ostatecznie/zadanie3/install/zadanie3 --editable --build-directory /home/przemyslaw/zadanie_3_ostatecznie/zadanie3/build/zadanie3/build --no-deps install_data --install-dir /home/przemyslaw/zadanie_3_ostatecznie/zadanie3/install/zadanie3
