[0.722s] DEBUG:colcon:Command line arguments: ['/usr/bin/colcon', 'build', '--packages-select', 'urdf_tutorial']
[0.722s] DEBUG:colcon:Parsed command line arguments: Namespace(ament_cmake_args=None, base_paths=['.'], build_base='build', catkin_cmake_args=None, catkin_skip_building_tests=False, cmake_args=None, cmake_clean_cache=False, cmake_clean_first=False, cmake_force_configure=False, cmake_target=None, cmake_target_skip_unavailable=False, continue_on_error=False, event_handlers=None, executor='parallel', ignore_user_meta=False, install_base='install', log_base=None, log_level=None, main=<bound method BuildVerb.main of <colcon_core.verb.build.BuildVerb object at 0x7fd6d7768a90>>, merge_install=False, metas=['./colcon.meta'], packages_above=None, packages_above_and_dependencies=None, packages_above_depth=None, packages_end=None, packages_ignore=None, packages_ignore_regex=None, packages_select=['urdf_tutorial'], packages_select_build_failed=False, packages_select_by_dep=None, packages_select_regex=None, packages_select_test_failures=False, packages_skip=None, packages_skip_build_finished=False, packages_skip_by_dep=None, packages_skip_regex=None, packages_skip_test_passed=False, packages_skip_up_to=None, packages_start=None, packages_up_to=None, packages_up_to_regex=None, parallel_workers=2, paths=None, symlink_install=False, test_result_base=None, verb_extension=<colcon_core.verb.build.BuildVerb object at 0x7fd6d7768a90>, verb_name='build', verb_parser=<colcon_defaults.argument_parser.defaults.DefaultArgumentsDecorator object at 0x7fd6d7774040>)
[0.765s] Level 1:colcon.colcon_core.package_discovery:discover_packages(colcon_meta) check parameters
[0.765s] Level 1:colcon.colcon_core.package_discovery:discover_packages(recursive) check parameters
[0.765s] Level 1:colcon.colcon_core.package_discovery:discover_packages(ignore) check parameters
[0.765s] Level 1:colcon.colcon_core.package_discovery:discover_packages(path) check parameters
[0.765s] Level 1:colcon.colcon_core.package_discovery:discover_packages(colcon_meta) discover
[0.765s] Level 1:colcon.colcon_core.package_discovery:discover_packages(recursive) discover
[0.765s] INFO:colcon.colcon_core.package_discovery:Crawling recursively for packages in '/home/student/Desktop/final'
[0.765s] Level 1:colcon.colcon_core.package_identification:_identify(.) by extensions ['ignore', 'ignore_ament_install']
[0.766s] Level 1:colcon.colcon_core.package_identification:_identify(.) by extension 'ignore'
[0.766s] Level 1:colcon.colcon_core.package_identification:_identify(.) by extension 'ignore_ament_install'
[0.766s] Level 1:colcon.colcon_core.package_identification:_identify(.) by extensions ['colcon_pkg']
[0.766s] Level 1:colcon.colcon_core.package_identification:_identify(.) by extension 'colcon_pkg'
[0.766s] Level 1:colcon.colcon_core.package_identification:_identify(.) by extensions ['colcon_meta']
[0.766s] Level 1:colcon.colcon_core.package_identification:_identify(.) by extension 'colcon_meta'
[0.766s] Level 1:colcon.colcon_core.package_identification:_identify(.) by extensions ['ros']
[0.766s] Level 1:colcon.colcon_core.package_identification:_identify(.) by extension 'ros'
[0.819s] Level 1:colcon.colcon_core.package_identification:_identify(.) by extensions ['cmake', 'python']
[0.819s] Level 1:colcon.colcon_core.package_identification:_identify(.) by extension 'cmake'
[0.819s] Level 1:colcon.colcon_core.package_identification:_identify(.) by extension 'python'
[0.820s] Level 1:colcon.colcon_core.package_identification:_identify(.) by extensions ['python_setup_py']
[0.820s] Level 1:colcon.colcon_core.package_identification:_identify(.) by extension 'python_setup_py'
[0.820s] Level 1:colcon.colcon_core.package_identification:_identify(build) by extensions ['ignore', 'ignore_ament_install']
[0.820s] Level 1:colcon.colcon_core.package_identification:_identify(build) by extension 'ignore'
[0.820s] Level 1:colcon.colcon_core.package_identification:_identify(build) ignored
[0.820s] Level 1:colcon.colcon_core.package_identification:_identify(install) by extensions ['ignore', 'ignore_ament_install']
[0.820s] Level 1:colcon.colcon_core.package_identification:_identify(install) by extension 'ignore'
[0.820s] Level 1:colcon.colcon_core.package_identification:_identify(install) ignored
[0.820s] Level 1:colcon.colcon_core.package_identification:_identify(log) by extensions ['ignore', 'ignore_ament_install']
[0.821s] Level 1:colcon.colcon_core.package_identification:_identify(log) by extension 'ignore'
[0.821s] Level 1:colcon.colcon_core.package_identification:_identify(log) ignored
[0.821s] Level 1:colcon.colcon_core.package_identification:_identify(urdf_tutorial) by extensions ['ignore', 'ignore_ament_install']
[0.821s] Level 1:colcon.colcon_core.package_identification:_identify(urdf_tutorial) by extension 'ignore'
[0.821s] Level 1:colcon.colcon_core.package_identification:_identify(urdf_tutorial) by extension 'ignore_ament_install'
[0.821s] Level 1:colcon.colcon_core.package_identification:_identify(urdf_tutorial) by extensions ['colcon_pkg']
[0.821s] Level 1:colcon.colcon_core.package_identification:_identify(urdf_tutorial) by extension 'colcon_pkg'
[0.821s] Level 1:colcon.colcon_core.package_identification:_identify(urdf_tutorial) by extensions ['colcon_meta']
[0.821s] Level 1:colcon.colcon_core.package_identification:_identify(urdf_tutorial) by extension 'colcon_meta'
[0.821s] Level 1:colcon.colcon_core.package_identification:_identify(urdf_tutorial) by extensions ['ros']
[0.821s] Level 1:colcon.colcon_core.package_identification:_identify(urdf_tutorial) by extension 'ros'
[0.852s] DEBUG:colcon.colcon_core.package_identification:Package 'urdf_tutorial' with type 'ros.ament_python' and name 'urdf_tutorial'
[0.852s] Level 1:colcon.colcon_core.package_discovery:discover_packages(recursive) using defaults
[0.852s] Level 1:colcon.colcon_core.package_discovery:discover_packages(ignore) discover
[0.852s] Level 1:colcon.colcon_core.package_discovery:discover_packages(ignore) using defaults
[0.852s] Level 1:colcon.colcon_core.package_discovery:discover_packages(path) discover
[0.852s] Level 1:colcon.colcon_core.package_discovery:discover_packages(path) using defaults
[0.936s] Level 5:colcon.colcon_core.verb:set package 'urdf_tutorial' build argument 'cmake_args' from command line to 'None'
[0.936s] Level 5:colcon.colcon_core.verb:set package 'urdf_tutorial' build argument 'cmake_target' from command line to 'None'
[0.936s] Level 5:colcon.colcon_core.verb:set package 'urdf_tutorial' build argument 'cmake_target_skip_unavailable' from command line to 'False'
[0.936s] Level 5:colcon.colcon_core.verb:set package 'urdf_tutorial' build argument 'cmake_clean_cache' from command line to 'False'
[0.936s] Level 5:colcon.colcon_core.verb:set package 'urdf_tutorial' build argument 'cmake_clean_first' from command line to 'False'
[0.936s] Level 5:colcon.colcon_core.verb:set package 'urdf_tutorial' build argument 'cmake_force_configure' from command line to 'False'
[0.936s] Level 5:colcon.colcon_core.verb:set package 'urdf_tutorial' build argument 'ament_cmake_args' from command line to 'None'
[0.937s] Level 5:colcon.colcon_core.verb:set package 'urdf_tutorial' build argument 'catkin_cmake_args' from command line to 'None'
[0.937s] Level 5:colcon.colcon_core.verb:set package 'urdf_tutorial' build argument 'catkin_skip_building_tests' from command line to 'False'
[0.946s] DEBUG:colcon.colcon_core.verb:Building package 'urdf_tutorial' with the following arguments: {'ament_cmake_args': None, 'build_base': '/home/student/Desktop/final/build/urdf_tutorial', 'catkin_cmake_args': None, 'catkin_skip_building_tests': False, 'cmake_args': None, 'cmake_clean_cache': False, 'cmake_clean_first': False, 'cmake_force_configure': False, 'cmake_target': None, 'cmake_target_skip_unavailable': False, 'install_base': '/home/student/Desktop/final/install/urdf_tutorial', 'merge_install': False, 'path': '/home/student/Desktop/final/urdf_tutorial', 'symlink_install': False, 'test_result_base': None}
[0.947s] INFO:colcon.colcon_core.executor:Executing jobs using 'parallel' executor
[0.950s] DEBUG:colcon.colcon_parallel_executor.executor.parallel:run_until_complete
[0.950s] INFO:colcon.colcon_ros.task.ament_python.build:Building ROS package in '/home/student/Desktop/final/urdf_tutorial' with build type 'ament_python'
[0.951s] Level 1:colcon.colcon_core.shell:create_environment_hook('urdf_tutorial', 'ament_prefix_path')
[0.997s] INFO:colcon.colcon_core.plugin_system:Skipping extension 'colcon_core.shell.bat': Not used on non-Windows systems
[0.997s] INFO:colcon.colcon_core.shell:Creating environment hook '/home/student/Desktop/final/install/urdf_tutorial/share/urdf_tutorial/hook/ament_prefix_path.ps1'
[1.011s] INFO:colcon.colcon_core.shell:Creating environment descriptor '/home/student/Desktop/final/install/urdf_tutorial/share/urdf_tutorial/hook/ament_prefix_path.dsv'
[1.012s] INFO:colcon.colcon_core.shell:Creating environment hook '/home/student/Desktop/final/install/urdf_tutorial/share/urdf_tutorial/hook/ament_prefix_path.sh'
[1.022s] INFO:colcon.colcon_core.shell:Skip shell extension 'powershell' for command environment: Not usable outside of PowerShell
[1.022s] DEBUG:colcon.colcon_core.shell:Skip shell extension 'dsv' for command environment
[1.043s] DEBUG:colcon.colcon_core.shell:Ignoring prefix path '/opt/ros/foxy'
[1.921s] INFO:colcon.colcon_core.task.python.build:Building Python package in '/home/student/Desktop/final/urdf_tutorial'
[1.922s] INFO:colcon.colcon_core.shell:Skip shell extension 'powershell' for command environment: Not usable outside of PowerShell
[1.923s] DEBUG:colcon.colcon_core.shell:Skip shell extension 'dsv' for command environment
[1.930s] DEBUG:colcon.colcon_core.shell:Ignoring prefix path '/opt/ros/foxy'
[1.955s] DEBUG:colcon.colcon_core.event_handler.log_command:Invoking command in '/home/student/Desktop/final/build/urdf_tutorial': PYTHONPATH=/home/student/Desktop/final/install/urdf_tutorial/lib/python3.8/site-packages:${PYTHONPATH} /usr/bin/python3 setup.py develop --prefix /home/student/Desktop/final/install/urdf_tutorial --uninstall --editable --build-directory /home/student/Desktop/final/build/urdf_tutorial/build
[3.371s] DEBUG:colcon.colcon_core.event_handler.log_command:Invoked command in '/home/student/Desktop/final/build/urdf_tutorial' returned '0': PYTHONPATH=/home/student/Desktop/final/install/urdf_tutorial/lib/python3.8/site-packages:${PYTHONPATH} /usr/bin/python3 setup.py develop --prefix /home/student/Desktop/final/install/urdf_tutorial --uninstall --editable --build-directory /home/student/Desktop/final/build/urdf_tutorial/build
[3.372s] DEBUG:colcon.colcon_core.event_handler.log_command:Invoking command in '/home/student/Desktop/final/urdf_tutorial': PYTHONPATH=/home/student/Desktop/final/install/urdf_tutorial/lib/python3.8/site-packages:${PYTHONPATH} /usr/bin/python3 setup.py egg_info --egg-base ../build/urdf_tutorial build --build-base /home/student/Desktop/final/build/urdf_tutorial/build install --prefix /home/student/Desktop/final/install/urdf_tutorial --record /home/student/Desktop/final/build/urdf_tutorial/install.log --single-version-externally-managed
[4.295s] DEBUG:colcon.colcon_core.event_handler.log_command:Invoked command in '/home/student/Desktop/final/urdf_tutorial' returned '0': PYTHONPATH=/home/student/Desktop/final/install/urdf_tutorial/lib/python3.8/site-packages:${PYTHONPATH} /usr/bin/python3 setup.py egg_info --egg-base ../build/urdf_tutorial build --build-base /home/student/Desktop/final/build/urdf_tutorial/build install --prefix /home/student/Desktop/final/install/urdf_tutorial --record /home/student/Desktop/final/build/urdf_tutorial/install.log --single-version-externally-managed
[4.333s] Level 1:colcon.colcon_core.environment:checking '/home/student/Desktop/final/install/urdf_tutorial' for CMake module files
[4.336s] Level 1:colcon.colcon_core.environment:checking '/home/student/Desktop/final/install/urdf_tutorial' for CMake config files
[4.337s] Level 1:colcon.colcon_core.environment:checking '/home/student/Desktop/final/install/urdf_tutorial/lib'
[4.338s] Level 1:colcon.colcon_core.environment:checking '/home/student/Desktop/final/install/urdf_tutorial/bin'
[4.338s] Level 1:colcon.colcon_core.environment:checking '/home/student/Desktop/final/install/urdf_tutorial/lib/pkgconfig/urdf_tutorial.pc'
[4.338s] Level 1:colcon.colcon_core.environment:checking '/home/student/Desktop/final/install/urdf_tutorial/lib/python3.8/site-packages'
[4.338s] Level 1:colcon.colcon_core.shell:create_environment_hook('urdf_tutorial', 'pythonpath')
[4.339s] INFO:colcon.colcon_core.shell:Creating environment hook '/home/student/Desktop/final/install/urdf_tutorial/share/urdf_tutorial/hook/pythonpath.ps1'
[4.340s] INFO:colcon.colcon_core.shell:Creating environment descriptor '/home/student/Desktop/final/install/urdf_tutorial/share/urdf_tutorial/hook/pythonpath.dsv'
[4.350s] INFO:colcon.colcon_core.shell:Creating environment hook '/home/student/Desktop/final/install/urdf_tutorial/share/urdf_tutorial/hook/pythonpath.sh'
[4.351s] Level 1:colcon.colcon_core.environment:create_environment_scripts_only(urdf_tutorial)
[4.352s] INFO:colcon.colcon_core.shell:Creating package script '/home/student/Desktop/final/install/urdf_tutorial/share/urdf_tutorial/package.ps1'
[4.356s] INFO:colcon.colcon_core.shell:Creating package descriptor '/home/student/Desktop/final/install/urdf_tutorial/share/urdf_tutorial/package.dsv'
[4.357s] INFO:colcon.colcon_core.shell:Creating package script '/home/student/Desktop/final/install/urdf_tutorial/share/urdf_tutorial/package.sh'
[4.364s] INFO:colcon.colcon_core.shell:Creating package script '/home/student/Desktop/final/install/urdf_tutorial/share/urdf_tutorial/package.bash'
[4.366s] INFO:colcon.colcon_core.shell:Creating package script '/home/student/Desktop/final/install/urdf_tutorial/share/urdf_tutorial/package.zsh'
[4.370s] Level 1:colcon.colcon_core.environment:create_file_with_runtime_dependencies(/home/student/Desktop/final/install/urdf_tutorial/share/colcon-core/packages/urdf_tutorial)
[4.371s] DEBUG:colcon.colcon_parallel_executor.executor.parallel:closing loop
[4.371s] DEBUG:colcon.colcon_parallel_executor.executor.parallel:loop closed
[4.371s] DEBUG:colcon.colcon_parallel_executor.executor.parallel:run_until_complete finished with '0'
[4.371s] DEBUG:colcon.colcon_core.event_reactor:joining thread
[4.417s] INFO:colcon.colcon_core.plugin_system:Skipping extension 'colcon_notification.desktop_notification.terminal_notifier': Not used on non-Darwin systems
[4.417s] INFO:colcon.colcon_core.plugin_system:Skipping extension 'colcon_notification.desktop_notification.win32': Not used on non-Windows systems
[4.417s] INFO:colcon.colcon_notification.desktop_notification:Sending desktop notification using 'notify2'
[4.477s] DEBUG:colcon.colcon_core.event_reactor:joined thread
[4.478s] INFO:colcon.colcon_core.shell:Creating prefix script '/home/student/Desktop/final/install/local_setup.ps1'
[4.480s] INFO:colcon.colcon_core.shell:Creating prefix util module '/home/student/Desktop/final/install/_local_setup_util_ps1.py'
[4.483s] INFO:colcon.colcon_core.shell:Creating prefix chain script '/home/student/Desktop/final/install/setup.ps1'
[4.498s] INFO:colcon.colcon_core.shell:Creating prefix script '/home/student/Desktop/final/install/local_setup.sh'
[4.502s] INFO:colcon.colcon_core.shell:Creating prefix util module '/home/student/Desktop/final/install/_local_setup_util_sh.py'
[4.503s] INFO:colcon.colcon_core.shell:Creating prefix chain script '/home/student/Desktop/final/install/setup.sh'
[4.518s] INFO:colcon.colcon_core.shell:Creating prefix script '/home/student/Desktop/final/install/local_setup.bash'
[4.524s] INFO:colcon.colcon_core.shell:Creating prefix chain script '/home/student/Desktop/final/install/setup.bash'
[4.534s] INFO:colcon.colcon_core.shell:Creating prefix script '/home/student/Desktop/final/install/local_setup.zsh'
[4.538s] INFO:colcon.colcon_core.shell:Creating prefix chain script '/home/student/Desktop/final/install/setup.zsh'
