[0.282s] DEBUG:colcon:Command line arguments: ['/usr/bin/colcon', 'build', '--symlink-install', '--packages-select', 'zadanie3']
[0.282s] DEBUG:colcon:Parsed command line arguments: Namespace(ament_cmake_args=None, base_paths=['.'], build_base='build', catkin_cmake_args=None, catkin_skip_building_tests=False, cmake_args=None, cmake_clean_cache=False, cmake_clean_first=False, cmake_force_configure=False, cmake_target=None, cmake_target_skip_unavailable=False, continue_on_error=False, event_handlers=None, executor='parallel', ignore_user_meta=False, install_base='install', log_base=None, log_level=None, main=<bound method BuildVerb.main of <colcon_core.verb.build.BuildVerb object at 0x7f00dca43ca0>>, merge_install=False, metas=['./colcon.meta'], packages_above=None, packages_above_and_dependencies=None, packages_above_depth=None, packages_end=None, packages_ignore=None, packages_ignore_regex=None, packages_select=['zadanie3'], packages_select_build_failed=False, packages_select_by_dep=None, packages_select_regex=None, packages_select_test_failures=False, packages_skip=None, packages_skip_build_finished=False, packages_skip_by_dep=None, packages_skip_regex=None, packages_skip_test_passed=False, packages_skip_up_to=None, packages_start=None, packages_up_to=None, packages_up_to_regex=None, parallel_workers=2, paths=None, symlink_install=True, test_result_base=None, verb_extension=<colcon_core.verb.build.BuildVerb object at 0x7f00dca43ca0>, verb_name='build', verb_parser=<colcon_defaults.argument_parser.defaults.DefaultArgumentsDecorator object at 0x7f00dca551c0>)
[0.294s] Level 1:colcon.colcon_core.package_discovery:discover_packages(colcon_meta) check parameters
[0.294s] Level 1:colcon.colcon_core.package_discovery:discover_packages(recursive) check parameters
[0.294s] Level 1:colcon.colcon_core.package_discovery:discover_packages(ignore) check parameters
[0.294s] Level 1:colcon.colcon_core.package_discovery:discover_packages(path) check parameters
[0.294s] Level 1:colcon.colcon_core.package_discovery:discover_packages(colcon_meta) discover
[0.294s] Level 1:colcon.colcon_core.package_discovery:discover_packages(recursive) discover
[0.294s] INFO:colcon.colcon_core.package_discovery:Crawling recursively for packages in '/home/przemyslaw/lab3_do_zmiany/tumialis_firlej/zadanie3'
[0.295s] Level 1:colcon.colcon_core.package_identification:_identify(.) by extensions ['ignore', 'ignore_ament_install']
[0.295s] Level 1:colcon.colcon_core.package_identification:_identify(.) by extension 'ignore'
[0.295s] Level 1:colcon.colcon_core.package_identification:_identify(.) by extension 'ignore_ament_install'
[0.295s] Level 1:colcon.colcon_core.package_identification:_identify(.) by extensions ['colcon_pkg']
[0.295s] Level 1:colcon.colcon_core.package_identification:_identify(.) by extension 'colcon_pkg'
[0.295s] Level 1:colcon.colcon_core.package_identification:_identify(.) by extensions ['colcon_meta']
[0.295s] Level 1:colcon.colcon_core.package_identification:_identify(.) by extension 'colcon_meta'
[0.295s] Level 1:colcon.colcon_core.package_identification:_identify(.) by extensions ['ros']
[0.295s] Level 1:colcon.colcon_core.package_identification:_identify(.) by extension 'ros'
[0.318s] DEBUG:colcon.colcon_core.package_identification:Package '.' with type 'ros.ament_python' and name 'zadanie3'
[0.318s] Level 1:colcon.colcon_core.package_discovery:discover_packages(recursive) using defaults
[0.318s] Level 1:colcon.colcon_core.package_discovery:discover_packages(ignore) discover
[0.318s] Level 1:colcon.colcon_core.package_discovery:discover_packages(ignore) using defaults
[0.319s] Level 1:colcon.colcon_core.package_discovery:discover_packages(path) discover
[0.319s] Level 1:colcon.colcon_core.package_discovery:discover_packages(path) using defaults
[0.361s] Level 5:colcon.colcon_core.verb:set package 'zadanie3' build argument 'cmake_args' from command line to 'None'
[0.361s] Level 5:colcon.colcon_core.verb:set package 'zadanie3' build argument 'cmake_target' from command line to 'None'
[0.361s] Level 5:colcon.colcon_core.verb:set package 'zadanie3' build argument 'cmake_target_skip_unavailable' from command line to 'False'
[0.361s] Level 5:colcon.colcon_core.verb:set package 'zadanie3' build argument 'cmake_clean_cache' from command line to 'False'
[0.362s] Level 5:colcon.colcon_core.verb:set package 'zadanie3' build argument 'cmake_clean_first' from command line to 'False'
[0.362s] Level 5:colcon.colcon_core.verb:set package 'zadanie3' build argument 'cmake_force_configure' from command line to 'False'
[0.362s] Level 5:colcon.colcon_core.verb:set package 'zadanie3' build argument 'ament_cmake_args' from command line to 'None'
[0.362s] Level 5:colcon.colcon_core.verb:set package 'zadanie3' build argument 'catkin_cmake_args' from command line to 'None'
[0.362s] Level 5:colcon.colcon_core.verb:set package 'zadanie3' build argument 'catkin_skip_building_tests' from command line to 'False'
[0.362s] DEBUG:colcon.colcon_core.verb:Building package 'zadanie3' with the following arguments: {'ament_cmake_args': None, 'build_base': '/home/przemyslaw/lab3_do_zmiany/tumialis_firlej/zadanie3/build/zadanie3', 'catkin_cmake_args': None, 'catkin_skip_building_tests': False, 'cmake_args': None, 'cmake_clean_cache': False, 'cmake_clean_first': False, 'cmake_force_configure': False, 'cmake_target': None, 'cmake_target_skip_unavailable': False, 'install_base': '/home/przemyslaw/lab3_do_zmiany/tumialis_firlej/zadanie3/install/zadanie3', 'merge_install': False, 'path': '/home/przemyslaw/lab3_do_zmiany/tumialis_firlej/zadanie3', 'symlink_install': True, 'test_result_base': None}
[0.362s] INFO:colcon.colcon_core.executor:Executing jobs using 'parallel' executor
[0.365s] DEBUG:colcon.colcon_parallel_executor.executor.parallel:run_until_complete
[0.366s] INFO:colcon.colcon_ros.task.ament_python.build:Building ROS package in '/home/przemyslaw/lab3_do_zmiany/tumialis_firlej/zadanie3' with build type 'ament_python'
[0.366s] Level 1:colcon.colcon_core.shell:create_environment_hook('zadanie3', 'ament_prefix_path')
[0.373s] INFO:colcon.colcon_core.plugin_system:Skipping extension 'colcon_core.shell.bat': Not used on non-Windows systems
[0.373s] INFO:colcon.colcon_core.shell:Creating environment hook '/home/przemyslaw/lab3_do_zmiany/tumialis_firlej/zadanie3/install/zadanie3/share/zadanie3/hook/ament_prefix_path.ps1'
[0.374s] INFO:colcon.colcon_core.shell:Creating environment descriptor '/home/przemyslaw/lab3_do_zmiany/tumialis_firlej/zadanie3/install/zadanie3/share/zadanie3/hook/ament_prefix_path.dsv'
[0.375s] INFO:colcon.colcon_core.shell:Creating environment hook '/home/przemyslaw/lab3_do_zmiany/tumialis_firlej/zadanie3/install/zadanie3/share/zadanie3/hook/ament_prefix_path.sh'
[0.377s] INFO:colcon.colcon_core.shell:Skip shell extension 'powershell' for command environment: Not usable outside of PowerShell
[0.377s] DEBUG:colcon.colcon_core.shell:Skip shell extension 'dsv' for command environment
[0.382s] DEBUG:colcon.colcon_core.shell:Ignoring prefix path '/opt/ros/foxy'
[0.761s] INFO:colcon.colcon_core.task.python.build:Building Python package in '/home/przemyslaw/lab3_do_zmiany/tumialis_firlej/zadanie3'
[0.762s] INFO:colcon.colcon_core.shell:Skip shell extension 'powershell' for command environment: Not usable outside of PowerShell
[0.762s] DEBUG:colcon.colcon_core.shell:Skip shell extension 'dsv' for command environment
[0.765s] DEBUG:colcon.colcon_core.shell:Ignoring prefix path '/opt/ros/foxy'
[0.776s] DEBUG:colcon.colcon_core.event_handler.log_command:Invoking command in '/home/przemyslaw/lab3_do_zmiany/tumialis_firlej/zadanie3/build/zadanie3': PYTHONPATH=/home/przemyslaw/lab3_do_zmiany/tumialis_firlej/zadanie3/install/zadanie3/lib/python3.8/site-packages:${PYTHONPATH} /usr/bin/python3 setup.py develop --prefix /home/przemyslaw/lab3_do_zmiany/tumialis_firlej/zadanie3/install/zadanie3 --editable --build-directory /home/przemyslaw/lab3_do_zmiany/tumialis_firlej/zadanie3/build/zadanie3/build --no-deps install_data --install-dir /home/przemyslaw/lab3_do_zmiany/tumialis_firlej/zadanie3/install/zadanie3
[1.534s] Level 1:colcon.colcon_core.shell:create_environment_hook('zadanie3', 'pythonpath_develop')
[1.534s] DEBUG:colcon.colcon_core.event_handler.log_command:Invoked command in '/home/przemyslaw/lab3_do_zmiany/tumialis_firlej/zadanie3/build/zadanie3' returned '0': PYTHONPATH=/home/przemyslaw/lab3_do_zmiany/tumialis_firlej/zadanie3/install/zadanie3/lib/python3.8/site-packages:${PYTHONPATH} /usr/bin/python3 setup.py develop --prefix /home/przemyslaw/lab3_do_zmiany/tumialis_firlej/zadanie3/install/zadanie3 --editable --build-directory /home/przemyslaw/lab3_do_zmiany/tumialis_firlej/zadanie3/build/zadanie3/build --no-deps install_data --install-dir /home/przemyslaw/lab3_do_zmiany/tumialis_firlej/zadanie3/install/zadanie3
[1.536s] INFO:colcon.colcon_core.shell:Creating environment hook '/home/przemyslaw/lab3_do_zmiany/tumialis_firlej/zadanie3/build/zadanie3/share/zadanie3/hook/pythonpath_develop.ps1'
[1.536s] INFO:colcon.colcon_core.shell:Creating environment descriptor '/home/przemyslaw/lab3_do_zmiany/tumialis_firlej/zadanie3/build/zadanie3/share/zadanie3/hook/pythonpath_develop.dsv'
[1.537s] INFO:colcon.colcon_core.shell:Creating environment hook '/home/przemyslaw/lab3_do_zmiany/tumialis_firlej/zadanie3/build/zadanie3/share/zadanie3/hook/pythonpath_develop.sh'
[1.546s] Level 1:colcon.colcon_core.environment:checking '/home/przemyslaw/lab3_do_zmiany/tumialis_firlej/zadanie3/install/zadanie3' for CMake module files
[1.547s] Level 1:colcon.colcon_core.environment:checking '/home/przemyslaw/lab3_do_zmiany/tumialis_firlej/zadanie3/install/zadanie3' for CMake config files
[1.548s] Level 1:colcon.colcon_core.environment:checking '/home/przemyslaw/lab3_do_zmiany/tumialis_firlej/zadanie3/install/zadanie3/lib'
[1.548s] Level 1:colcon.colcon_core.environment:checking '/home/przemyslaw/lab3_do_zmiany/tumialis_firlej/zadanie3/install/zadanie3/bin'
[1.548s] Level 1:colcon.colcon_core.environment:checking '/home/przemyslaw/lab3_do_zmiany/tumialis_firlej/zadanie3/install/zadanie3/lib/pkgconfig/zadanie3.pc'
[1.548s] Level 1:colcon.colcon_core.environment:checking '/home/przemyslaw/lab3_do_zmiany/tumialis_firlej/zadanie3/install/zadanie3/lib/python3.8/site-packages'
[1.548s] Level 1:colcon.colcon_core.shell:create_environment_hook('zadanie3', 'pythonpath')
[1.549s] INFO:colcon.colcon_core.shell:Creating environment hook '/home/przemyslaw/lab3_do_zmiany/tumialis_firlej/zadanie3/install/zadanie3/share/zadanie3/hook/pythonpath.ps1'
[1.549s] INFO:colcon.colcon_core.shell:Creating environment descriptor '/home/przemyslaw/lab3_do_zmiany/tumialis_firlej/zadanie3/install/zadanie3/share/zadanie3/hook/pythonpath.dsv'
[1.550s] INFO:colcon.colcon_core.shell:Creating environment hook '/home/przemyslaw/lab3_do_zmiany/tumialis_firlej/zadanie3/install/zadanie3/share/zadanie3/hook/pythonpath.sh'
[1.550s] Level 1:colcon.colcon_core.environment:create_environment_scripts_only(zadanie3)
[1.551s] INFO:colcon.colcon_core.shell:Creating package script '/home/przemyslaw/lab3_do_zmiany/tumialis_firlej/zadanie3/install/zadanie3/share/zadanie3/package.ps1'
[1.553s] INFO:colcon.colcon_core.shell:Creating package descriptor '/home/przemyslaw/lab3_do_zmiany/tumialis_firlej/zadanie3/install/zadanie3/share/zadanie3/package.dsv'
[1.554s] INFO:colcon.colcon_core.shell:Creating package script '/home/przemyslaw/lab3_do_zmiany/tumialis_firlej/zadanie3/install/zadanie3/share/zadanie3/package.sh'
[1.555s] INFO:colcon.colcon_core.shell:Creating package script '/home/przemyslaw/lab3_do_zmiany/tumialis_firlej/zadanie3/install/zadanie3/share/zadanie3/package.bash'
[1.556s] INFO:colcon.colcon_core.shell:Creating package script '/home/przemyslaw/lab3_do_zmiany/tumialis_firlej/zadanie3/install/zadanie3/share/zadanie3/package.zsh'
[1.557s] Level 1:colcon.colcon_core.environment:create_file_with_runtime_dependencies(/home/przemyslaw/lab3_do_zmiany/tumialis_firlej/zadanie3/install/zadanie3/share/colcon-core/packages/zadanie3)
[1.558s] DEBUG:colcon.colcon_parallel_executor.executor.parallel:closing loop
[1.558s] DEBUG:colcon.colcon_parallel_executor.executor.parallel:loop closed
[1.558s] DEBUG:colcon.colcon_parallel_executor.executor.parallel:run_until_complete finished with '0'
[1.558s] DEBUG:colcon.colcon_core.event_reactor:joining thread
[1.572s] INFO:colcon.colcon_core.plugin_system:Skipping extension 'colcon_notification.desktop_notification.terminal_notifier': Not used on non-Darwin systems
[1.572s] INFO:colcon.colcon_core.plugin_system:Skipping extension 'colcon_notification.desktop_notification.win32': Not used on non-Windows systems
[1.572s] INFO:colcon.colcon_notification.desktop_notification:Sending desktop notification using 'notify2'
[1.597s] DEBUG:colcon.colcon_core.event_reactor:joined thread
[1.598s] INFO:colcon.colcon_core.shell:Creating prefix script '/home/przemyslaw/lab3_do_zmiany/tumialis_firlej/zadanie3/install/local_setup.ps1'
[1.600s] INFO:colcon.colcon_core.shell:Creating prefix util module '/home/przemyslaw/lab3_do_zmiany/tumialis_firlej/zadanie3/install/_local_setup_util_ps1.py'
[1.602s] INFO:colcon.colcon_core.shell:Creating prefix chain script '/home/przemyslaw/lab3_do_zmiany/tumialis_firlej/zadanie3/install/setup.ps1'
[1.613s] INFO:colcon.colcon_core.shell:Creating prefix script '/home/przemyslaw/lab3_do_zmiany/tumialis_firlej/zadanie3/install/local_setup.sh'
[1.615s] INFO:colcon.colcon_core.shell:Creating prefix util module '/home/przemyslaw/lab3_do_zmiany/tumialis_firlej/zadanie3/install/_local_setup_util_sh.py'
[1.616s] INFO:colcon.colcon_core.shell:Creating prefix chain script '/home/przemyslaw/lab3_do_zmiany/tumialis_firlej/zadanie3/install/setup.sh'
[1.621s] INFO:colcon.colcon_core.shell:Creating prefix script '/home/przemyslaw/lab3_do_zmiany/tumialis_firlej/zadanie3/install/local_setup.bash'
[1.622s] INFO:colcon.colcon_core.shell:Creating prefix chain script '/home/przemyslaw/lab3_do_zmiany/tumialis_firlej/zadanie3/install/setup.bash'
[1.627s] INFO:colcon.colcon_core.shell:Creating prefix script '/home/przemyslaw/lab3_do_zmiany/tumialis_firlej/zadanie3/install/local_setup.zsh'
[1.628s] INFO:colcon.colcon_core.shell:Creating prefix chain script '/home/przemyslaw/lab3_do_zmiany/tumialis_firlej/zadanie3/install/setup.zsh'
