running egg_info
creating ../../build/LAB1/LAB1.egg-info
writing ../../build/LAB1/LAB1.egg-info/PKG-INFO
writing dependency_links to ../../build/LAB1/LAB1.egg-info/dependency_links.txt
writing entry points to ../../build/LAB1/LAB1.egg-info/entry_points.txt
writing requirements to ../../build/LAB1/LAB1.egg-info/requires.txt
writing top-level names to ../../build/LAB1/LAB1.egg-info/top_level.txt
writing manifest file '../../build/LAB1/LAB1.egg-info/SOURCES.txt'
reading manifest file '../../build/LAB1/LAB1.egg-info/SOURCES.txt'
writing manifest file '../../build/LAB1/LAB1.egg-info/SOURCES.txt'
running build
running build_py
creating /home/student/dev_ws/src/kozubek_michalczewski/build/LAB1/build
creating /home/student/dev_ws/src/kozubek_michalczewski/build/LAB1/build/lib
creating /home/student/dev_ws/src/kozubek_michalczewski/build/LAB1/build/lib/LAB1
copying LAB1/__init__.py -> /home/student/dev_ws/src/kozubek_michalczewski/build/LAB1/build/lib/LAB1
copying LAB1/node.py -> /home/student/dev_ws/src/kozubek_michalczewski/build/LAB1/build/lib/LAB1
running install
running install_lib
creating /home/student/dev_ws/src/kozubek_michalczewski/install/LAB1/lib/python3.8/site-packages/LAB1
copying /home/student/dev_ws/src/kozubek_michalczewski/build/LAB1/build/lib/LAB1/__init__.py -> /home/student/dev_ws/src/kozubek_michalczewski/install/LAB1/lib/python3.8/site-packages/LAB1
copying /home/student/dev_ws/src/kozubek_michalczewski/build/LAB1/build/lib/LAB1/node.py -> /home/student/dev_ws/src/kozubek_michalczewski/install/LAB1/lib/python3.8/site-packages/LAB1
byte-compiling /home/student/dev_ws/src/kozubek_michalczewski/install/LAB1/lib/python3.8/site-packages/LAB1/__init__.py to __init__.cpython-38.pyc
byte-compiling /home/student/dev_ws/src/kozubek_michalczewski/install/LAB1/lib/python3.8/site-packages/LAB1/node.py to node.cpython-38.pyc
running install_data
creating /home/student/dev_ws/src/kozubek_michalczewski/install/LAB1/share/ament_index
creating /home/student/dev_ws/src/kozubek_michalczewski/install/LAB1/share/ament_index/resource_index
creating /home/student/dev_ws/src/kozubek_michalczewski/install/LAB1/share/ament_index/resource_index/packages
copying resource/LAB1 -> /home/student/dev_ws/src/kozubek_michalczewski/install/LAB1/share/ament_index/resource_index/packages
copying package.xml -> /home/student/dev_ws/src/kozubek_michalczewski/install/LAB1/share/LAB1
running install_egg_info
Copying ../../build/LAB1/LAB1.egg-info to /home/student/dev_ws/src/kozubek_michalczewski/install/LAB1/lib/python3.8/site-packages/LAB1-0.0.0-py3.8.egg-info
running install_scripts
Installing node script to /home/student/dev_ws/src/kozubek_michalczewski/install/LAB1/lib/LAB1
writing list of installed files to '/home/student/dev_ws/src/kozubek_michalczewski/build/LAB1/install.log'
