running develop
running egg_info
creating urdf_tutorial.egg-info
writing urdf_tutorial.egg-info/PKG-INFO
writing dependency_links to urdf_tutorial.egg-info/dependency_links.txt
writing entry points to urdf_tutorial.egg-info/entry_points.txt
writing requirements to urdf_tutorial.egg-info/requires.txt
writing top-level names to urdf_tutorial.egg-info/top_level.txt
writing manifest file 'urdf_tutorial.egg-info/SOURCES.txt'
reading manifest file 'urdf_tutorial.egg-info/SOURCES.txt'
writing manifest file 'urdf_tutorial.egg-info/SOURCES.txt'
running build_ext
Creating /home/student/Desktop/final/install/urdf_tutorial/lib/python3.8/site-packages/site.py
Creating /home/student/Desktop/final/install/urdf_tutorial/lib/python3.8/site-packages/urdf-tutorial.egg-link (link to .)
Installing state_publisher script to /home/student/Desktop/final/install/urdf_tutorial/lib/urdf_tutorial

Installed /home/student/Desktop/final/build/urdf_tutorial
running install_data
creating /home/student/Desktop/final/install/urdf_tutorial/share/ament_index
creating /home/student/Desktop/final/install/urdf_tutorial/share/ament_index/resource_index
creating /home/student/Desktop/final/install/urdf_tutorial/share/ament_index/resource_index/packages
copying resource/urdf_tutorial -> /home/student/Desktop/final/install/urdf_tutorial/share/ament_index/resource_index/packages
copying package.xml -> /home/student/Desktop/final/install/urdf_tutorial/share/urdf_tutorial
copying launch/demo.launch.py -> /home/student/Desktop/final/install/urdf_tutorial/share/urdf_tutorial
copying urdf/r2d2.rviz -> /home/student/Desktop/final/install/urdf_tutorial/share/urdf_tutorial
copying urdf/r2d2.urdf.xml -> /home/student/Desktop/final/install/urdf_tutorial/share/urdf_tutorial
