[0.432s] Invoking command in '/home/student/Desktop/final/build/urdf_tutorial': PYTHONPATH=/home/student/Desktop/final/install/urdf_tutorial/lib/python3.8/site-packages:${PYTHONPATH} /usr/bin/python3 setup.py develop --prefix /home/student/Desktop/final/install/urdf_tutorial --editable --build-directory /home/student/Desktop/final/build/urdf_tutorial/build --no-deps install_data --install-dir /home/student/Desktop/final/install/urdf_tutorial
[0.747s] running develop
[0.912s] running egg_info
[0.912s] creating urdf_tutorial.egg-info
[0.912s] writing urdf_tutorial.egg-info/PKG-INFO
[0.912s] writing dependency_links to urdf_tutorial.egg-info/dependency_links.txt
[0.915s] writing entry points to urdf_tutorial.egg-info/entry_points.txt
[0.915s] writing requirements to urdf_tutorial.egg-info/requires.txt
[0.915s] writing top-level names to urdf_tutorial.egg-info/top_level.txt
[0.918s] writing manifest file 'urdf_tutorial.egg-info/SOURCES.txt'
[0.971s] reading manifest file 'urdf_tutorial.egg-info/SOURCES.txt'
[0.972s] writing manifest file 'urdf_tutorial.egg-info/SOURCES.txt'
[1.064s] running build_ext
[1.065s] Creating /home/student/Desktop/final/install/urdf_tutorial/lib/python3.8/site-packages/site.py
[1.069s] Creating /home/student/Desktop/final/install/urdf_tutorial/lib/python3.8/site-packages/urdf-tutorial.egg-link (link to .)
[1.069s] Installing state_publisher script to /home/student/Desktop/final/install/urdf_tutorial/lib/urdf_tutorial
[1.070s] 
[1.070s] Installed /home/student/Desktop/final/build/urdf_tutorial
[1.070s] running install_data
[1.070s] creating /home/student/Desktop/final/install/urdf_tutorial/share/ament_index
[1.071s] creating /home/student/Desktop/final/install/urdf_tutorial/share/ament_index/resource_index
[1.071s] creating /home/student/Desktop/final/install/urdf_tutorial/share/ament_index/resource_index/packages
[1.071s] copying resource/urdf_tutorial -> /home/student/Desktop/final/install/urdf_tutorial/share/ament_index/resource_index/packages
[1.071s] copying package.xml -> /home/student/Desktop/final/install/urdf_tutorial/share/urdf_tutorial
[1.071s] copying launch/demo.launch.py -> /home/student/Desktop/final/install/urdf_tutorial/share/urdf_tutorial
[1.071s] copying urdf/r2d2.rviz -> /home/student/Desktop/final/install/urdf_tutorial/share/urdf_tutorial
[1.075s] copying urdf/r2d2.urdf.xml -> /home/student/Desktop/final/install/urdf_tutorial/share/urdf_tutorial
[1.108s] Invoked command in '/home/student/Desktop/final/build/urdf_tutorial' returned '0': PYTHONPATH=/home/student/Desktop/final/install/urdf_tutorial/lib/python3.8/site-packages:${PYTHONPATH} /usr/bin/python3 setup.py develop --prefix /home/student/Desktop/final/install/urdf_tutorial --editable --build-directory /home/student/Desktop/final/build/urdf_tutorial/build --no-deps install_data --install-dir /home/student/Desktop/final/install/urdf_tutorial
