running develop
running egg_info
creating zadanie3.egg-info
writing zadanie3.egg-info/PKG-INFO
writing dependency_links to zadanie3.egg-info/dependency_links.txt
writing entry points to zadanie3.egg-info/entry_points.txt
writing requirements to zadanie3.egg-info/requires.txt
writing top-level names to zadanie3.egg-info/top_level.txt
writing manifest file 'zadanie3.egg-info/SOURCES.txt'
reading manifest file 'zadanie3.egg-info/SOURCES.txt'
writing manifest file 'zadanie3.egg-info/SOURCES.txt'
running build_ext
Creating /home/przemyslaw/lab3_do_zmiany/tumialis_firlej/zadanie3/install/zadanie3/lib/python3.8/site-packages/zadanie3.egg-link (link to .)
Installing joint_state_publisher script to /home/przemyslaw/lab3_do_zmiany/tumialis_firlej/zadanie3/install/zadanie3/lib/zadanie3
Installing kdl_dkin script to /home/przemyslaw/lab3_do_zmiany/tumialis_firlej/zadanie3/install/zadanie3/lib/zadanie3
Installing non_kdl_dkin script to /home/przemyslaw/lab3_do_zmiany/tumialis_firlej/zadanie3/install/zadanie3/lib/zadanie3

Installed /home/przemyslaw/lab3_do_zmiany/tumialis_firlej/zadanie3/build/zadanie3
running install_data
creating /home/przemyslaw/lab3_do_zmiany/tumialis_firlej/zadanie3/install/zadanie3/share/ament_index
creating /home/przemyslaw/lab3_do_zmiany/tumialis_firlej/zadanie3/install/zadanie3/share/ament_index/resource_index
creating /home/przemyslaw/lab3_do_zmiany/tumialis_firlej/zadanie3/install/zadanie3/share/ament_index/resource_index/packages
copying resource/zadanie3 -> /home/przemyslaw/lab3_do_zmiany/tumialis_firlej/zadanie3/install/zadanie3/share/ament_index/resource_index/packages
copying package.xml -> /home/przemyslaw/lab3_do_zmiany/tumialis_firlej/zadanie3/install/zadanie3/share/zadanie3
copying launch/both_kdl_and_non_kdl.launch.py -> /home/przemyslaw/lab3_do_zmiany/tumialis_firlej/zadanie3/install/zadanie3/share/zadanie3
copying launch/kdl_dkin.launch.py -> /home/przemyslaw/lab3_do_zmiany/tumialis_firlej/zadanie3/install/zadanie3/share/zadanie3
copying launch/rviz.launch.py -> /home/przemyslaw/lab3_do_zmiany/tumialis_firlej/zadanie3/install/zadanie3/share/zadanie3
copying launch/non_kdl_dkin.launch.py -> /home/przemyslaw/lab3_do_zmiany/tumialis_firlej/zadanie3/install/zadanie3/share/zadanie3
copying urdf/dh.txt -> /home/przemyslaw/lab3_do_zmiany/tumialis_firlej/zadanie3/install/zadanie3/share/zadanie3
copying urdf/manipulator.urdf.xacro.xml -> /home/przemyslaw/lab3_do_zmiany/tumialis_firlej/zadanie3/install/zadanie3/share/zadanie3
copying urdf/manipulator_fixed.urdf.xacro.xml -> /home/przemyslaw/lab3_do_zmiany/tumialis_firlej/zadanie3/install/zadanie3/share/zadanie3
copying urdf/macierzDH.yaml -> /home/przemyslaw/lab3_do_zmiany/tumialis_firlej/zadanie3/install/zadanie3/share/zadanie3
copying urdf/parametryURDF.yaml -> /home/przemyslaw/lab3_do_zmiany/tumialis_firlej/zadanie3/install/zadanie3/share/zadanie3
copying urdf/manipulator.rviz -> /home/przemyslaw/lab3_do_zmiany/tumialis_firlej/zadanie3/install/zadanie3/share/zadanie3
