[0.409s] Invoking command in '/home/przemyslaw/lab3_do_zmiany/tumialis_firlej/zadanie3/build/zadanie3': PYTHONPATH=/home/przemyslaw/lab3_do_zmiany/tumialis_firlej/zadanie3/install/zadanie3/lib/python3.8/site-packages:${PYTHONPATH} /usr/bin/python3 setup.py develop --prefix /home/przemyslaw/lab3_do_zmiany/tumialis_firlej/zadanie3/install/zadanie3 --editable --build-directory /home/przemyslaw/lab3_do_zmiany/tumialis_firlej/zadanie3/build/zadanie3/build --no-deps install_data --install-dir /home/przemyslaw/lab3_do_zmiany/tumialis_firlej/zadanie3/install/zadanie3
[0.791s] running develop
[0.994s] running egg_info
[0.994s] creating zadanie3.egg-info
[0.994s] writing zadanie3.egg-info/PKG-INFO
[0.994s] writing dependency_links to zadanie3.egg-info/dependency_links.txt
[0.994s] writing entry points to zadanie3.egg-info/entry_points.txt
[0.995s] writing requirements to zadanie3.egg-info/requires.txt
[0.995s] writing top-level names to zadanie3.egg-info/top_level.txt
[0.996s] writing manifest file 'zadanie3.egg-info/SOURCES.txt'
[1.046s] reading manifest file 'zadanie3.egg-info/SOURCES.txt'
[1.047s] writing manifest file 'zadanie3.egg-info/SOURCES.txt'
[1.132s] running build_ext
[1.132s] Creating /home/przemyslaw/lab3_do_zmiany/tumialis_firlej/zadanie3/install/zadanie3/lib/python3.8/site-packages/zadanie3.egg-link (link to .)
[1.133s] Installing joint_state_publisher script to /home/przemyslaw/lab3_do_zmiany/tumialis_firlej/zadanie3/install/zadanie3/lib/zadanie3
[1.133s] Installing kdl_dkin script to /home/przemyslaw/lab3_do_zmiany/tumialis_firlej/zadanie3/install/zadanie3/lib/zadanie3
[1.133s] Installing non_kdl_dkin script to /home/przemyslaw/lab3_do_zmiany/tumialis_firlej/zadanie3/install/zadanie3/lib/zadanie3
[1.133s] 
[1.134s] Installed /home/przemyslaw/lab3_do_zmiany/tumialis_firlej/zadanie3/build/zadanie3
[1.134s] running install_data
[1.134s] creating /home/przemyslaw/lab3_do_zmiany/tumialis_firlej/zadanie3/install/zadanie3/share/ament_index
[1.134s] creating /home/przemyslaw/lab3_do_zmiany/tumialis_firlej/zadanie3/install/zadanie3/share/ament_index/resource_index
[1.134s] creating /home/przemyslaw/lab3_do_zmiany/tumialis_firlej/zadanie3/install/zadanie3/share/ament_index/resource_index/packages
[1.135s] copying resource/zadanie3 -> /home/przemyslaw/lab3_do_zmiany/tumialis_firlej/zadanie3/install/zadanie3/share/ament_index/resource_index/packages
[1.135s] copying package.xml -> /home/przemyslaw/lab3_do_zmiany/tumialis_firlej/zadanie3/install/zadanie3/share/zadanie3
[1.135s] copying launch/both_kdl_and_non_kdl.launch.py -> /home/przemyslaw/lab3_do_zmiany/tumialis_firlej/zadanie3/install/zadanie3/share/zadanie3
[1.135s] copying launch/kdl_dkin.launch.py -> /home/przemyslaw/lab3_do_zmiany/tumialis_firlej/zadanie3/install/zadanie3/share/zadanie3
[1.135s] copying launch/rviz.launch.py -> /home/przemyslaw/lab3_do_zmiany/tumialis_firlej/zadanie3/install/zadanie3/share/zadanie3
[1.135s] copying launch/non_kdl_dkin.launch.py -> /home/przemyslaw/lab3_do_zmiany/tumialis_firlej/zadanie3/install/zadanie3/share/zadanie3
[1.135s] copying urdf/dh.txt -> /home/przemyslaw/lab3_do_zmiany/tumialis_firlej/zadanie3/install/zadanie3/share/zadanie3
[1.135s] copying urdf/manipulator.urdf.xacro.xml -> /home/przemyslaw/lab3_do_zmiany/tumialis_firlej/zadanie3/install/zadanie3/share/zadanie3
[1.135s] copying urdf/manipulator_fixed.urdf.xacro.xml -> /home/przemyslaw/lab3_do_zmiany/tumialis_firlej/zadanie3/install/zadanie3/share/zadanie3
[1.136s] copying urdf/macierzDH.yaml -> /home/przemyslaw/lab3_do_zmiany/tumialis_firlej/zadanie3/install/zadanie3/share/zadanie3
[1.136s] copying urdf/parametryURDF.yaml -> /home/przemyslaw/lab3_do_zmiany/tumialis_firlej/zadanie3/install/zadanie3/share/zadanie3
[1.136s] copying urdf/manipulator.rviz -> /home/przemyslaw/lab3_do_zmiany/tumialis_firlej/zadanie3/install/zadanie3/share/zadanie3
[1.167s] Invoked command in '/home/przemyslaw/lab3_do_zmiany/tumialis_firlej/zadanie3/build/zadanie3' returned '0': PYTHONPATH=/home/przemyslaw/lab3_do_zmiany/tumialis_firlej/zadanie3/install/zadanie3/lib/python3.8/site-packages:${PYTHONPATH} /usr/bin/python3 setup.py develop --prefix /home/przemyslaw/lab3_do_zmiany/tumialis_firlej/zadanie3/install/zadanie3 --editable --build-directory /home/przemyslaw/lab3_do_zmiany/tumialis_firlej/zadanie3/build/zadanie3/build --no-deps install_data --install-dir /home/przemyslaw/lab3_do_zmiany/tumialis_firlej/zadanie3/install/zadanie3
