[0.257s] DEBUG:colcon:Command line arguments: ['/usr/bin/colcon', 'build', '--symlink-install']
[0.257s] DEBUG:colcon:Parsed command line arguments: Namespace(ament_cmake_args=None, base_paths=['.'], build_base='build', catkin_cmake_args=None, catkin_skip_building_tests=False, cmake_args=None, cmake_clean_cache=False, cmake_clean_first=False, cmake_force_configure=False, cmake_target=None, cmake_target_skip_unavailable=False, continue_on_error=False, event_handlers=None, executor='parallel', ignore_user_meta=False, install_base='install', log_base=None, log_level=None, main=<bound method BuildVerb.main of <colcon_core.verb.build.BuildVerb object at 0x7f6d4e14fca0>>, merge_install=False, metas=['./colcon.meta'], packages_above=None, packages_above_and_dependencies=None, packages_above_depth=None, packages_end=None, packages_ignore=None, packages_ignore_regex=None, packages_select=None, packages_select_build_failed=False, packages_select_by_dep=None, packages_select_regex=None, packages_select_test_failures=False, packages_skip=None, packages_skip_build_finished=False, packages_skip_by_dep=None, packages_skip_regex=None, packages_skip_test_passed=False, packages_skip_up_to=None, packages_start=None, packages_up_to=None, packages_up_to_regex=None, parallel_workers=2, paths=None, symlink_install=True, test_result_base=None, verb_extension=<colcon_core.verb.build.BuildVerb object at 0x7f6d4e14fca0>, verb_name='build', verb_parser=<colcon_defaults.argument_parser.defaults.DefaultArgumentsDecorator object at 0x7f6d4e1611c0>)
[0.265s] Level 1:colcon.colcon_core.package_discovery:discover_packages(colcon_meta) check parameters
[0.266s] Level 1:colcon.colcon_core.package_discovery:discover_packages(recursive) check parameters
[0.266s] Level 1:colcon.colcon_core.package_discovery:discover_packages(ignore) check parameters
[0.266s] Level 1:colcon.colcon_core.package_discovery:discover_packages(path) check parameters
[0.266s] Level 1:colcon.colcon_core.package_discovery:discover_packages(colcon_meta) discover
[0.266s] Level 1:colcon.colcon_core.package_discovery:discover_packages(recursive) discover
[0.266s] INFO:colcon.colcon_core.package_discovery:Crawling recursively for packages in '/home/przemyslaw/zadanie_3_ostatecznie/zadanie3'
[0.266s] Level 1:colcon.colcon_core.package_identification:_identify(.) by extensions ['ignore', 'ignore_ament_install']
[0.266s] Level 1:colcon.colcon_core.package_identification:_identify(.) by extension 'ignore'
[0.266s] Level 1:colcon.colcon_core.package_identification:_identify(.) by extension 'ignore_ament_install'
[0.266s] Level 1:colcon.colcon_core.package_identification:_identify(.) by extensions ['colcon_pkg']
[0.266s] Level 1:colcon.colcon_core.package_identification:_identify(.) by extension 'colcon_pkg'
[0.266s] Level 1:colcon.colcon_core.package_identification:_identify(.) by extensions ['colcon_meta']
[0.266s] Level 1:colcon.colcon_core.package_identification:_identify(.) by extension 'colcon_meta'
[0.267s] Level 1:colcon.colcon_core.package_identification:_identify(.) by extensions ['ros']
[0.267s] Level 1:colcon.colcon_core.package_identification:_identify(.) by extension 'ros'
[0.288s] DEBUG:colcon.colcon_core.package_identification:Package '.' with type 'ros.ament_python' and name 'zadanie3'
[0.288s] Level 1:colcon.colcon_core.package_discovery:discover_packages(recursive) using defaults
[0.288s] Level 1:colcon.colcon_core.package_discovery:discover_packages(ignore) discover
[0.288s] Level 1:colcon.colcon_core.package_discovery:discover_packages(ignore) using defaults
[0.288s] Level 1:colcon.colcon_core.package_discovery:discover_packages(path) discover
[0.288s] Level 1:colcon.colcon_core.package_discovery:discover_packages(path) using defaults
[0.328s] Level 5:colcon.colcon_core.verb:set package 'zadanie3' build argument 'cmake_args' from command line to 'None'
[0.328s] Level 5:colcon.colcon_core.verb:set package 'zadanie3' build argument 'cmake_target' from command line to 'None'
[0.328s] Level 5:colcon.colcon_core.verb:set package 'zadanie3' build argument 'cmake_target_skip_unavailable' from command line to 'False'
[0.328s] Level 5:colcon.colcon_core.verb:set package 'zadanie3' build argument 'cmake_clean_cache' from command line to 'False'
[0.328s] Level 5:colcon.colcon_core.verb:set package 'zadanie3' build argument 'cmake_clean_first' from command line to 'False'
[0.328s] Level 5:colcon.colcon_core.verb:set package 'zadanie3' build argument 'cmake_force_configure' from command line to 'False'
[0.328s] Level 5:colcon.colcon_core.verb:set package 'zadanie3' build argument 'ament_cmake_args' from command line to 'None'
[0.328s] Level 5:colcon.colcon_core.verb:set package 'zadanie3' build argument 'catkin_cmake_args' from command line to 'None'
[0.328s] Level 5:colcon.colcon_core.verb:set package 'zadanie3' build argument 'catkin_skip_building_tests' from command line to 'False'
[0.328s] DEBUG:colcon.colcon_core.verb:Building package 'zadanie3' with the following arguments: {'ament_cmake_args': None, 'build_base': '/home/przemyslaw/zadanie_3_ostatecznie/zadanie3/build/zadanie3', 'catkin_cmake_args': None, 'catkin_skip_building_tests': False, 'cmake_args': None, 'cmake_clean_cache': False, 'cmake_clean_first': False, 'cmake_force_configure': False, 'cmake_target': None, 'cmake_target_skip_unavailable': False, 'install_base': '/home/przemyslaw/zadanie_3_ostatecznie/zadanie3/install/zadanie3', 'merge_install': False, 'path': '/home/przemyslaw/zadanie_3_ostatecznie/zadanie3', 'symlink_install': True, 'test_result_base': None}
[0.329s] INFO:colcon.colcon_core.executor:Executing jobs using 'parallel' executor
[0.332s] DEBUG:colcon.colcon_parallel_executor.executor.parallel:run_until_complete
[0.332s] INFO:colcon.colcon_ros.task.ament_python.build:Building ROS package in '/home/przemyslaw/zadanie_3_ostatecznie/zadanie3' with build type 'ament_python'
[0.332s] Level 1:colcon.colcon_core.shell:create_environment_hook('zadanie3', 'ament_prefix_path')
[0.337s] INFO:colcon.colcon_core.plugin_system:Skipping extension 'colcon_core.shell.bat': Not used on non-Windows systems
[0.338s] INFO:colcon.colcon_core.shell:Creating environment hook '/home/przemyslaw/zadanie_3_ostatecznie/zadanie3/install/zadanie3/share/zadanie3/hook/ament_prefix_path.ps1'
[0.338s] INFO:colcon.colcon_core.shell:Creating environment descriptor '/home/przemyslaw/zadanie_3_ostatecznie/zadanie3/install/zadanie3/share/zadanie3/hook/ament_prefix_path.dsv'
[0.340s] INFO:colcon.colcon_core.shell:Creating environment hook '/home/przemyslaw/zadanie_3_ostatecznie/zadanie3/install/zadanie3/share/zadanie3/hook/ament_prefix_path.sh'
[0.342s] INFO:colcon.colcon_core.shell:Skip shell extension 'powershell' for command environment: Not usable outside of PowerShell
[0.342s] DEBUG:colcon.colcon_core.shell:Skip shell extension 'dsv' for command environment
[0.346s] DEBUG:colcon.colcon_core.shell:Ignoring prefix path '/opt/ros/foxy'
[0.790s] INFO:colcon.colcon_core.task.python.build:Building Python package in '/home/przemyslaw/zadanie_3_ostatecznie/zadanie3'
[0.791s] INFO:colcon.colcon_core.shell:Skip shell extension 'powershell' for command environment: Not usable outside of PowerShell
[0.791s] DEBUG:colcon.colcon_core.shell:Skip shell extension 'dsv' for command environment
[0.794s] DEBUG:colcon.colcon_core.shell:Ignoring prefix path '/opt/ros/foxy'
[0.802s] DEBUG:colcon.colcon_core.event_handler.log_command:Invoking command in '/home/przemyslaw/zadanie_3_ostatecznie/zadanie3/build/zadanie3': PYTHONPATH=/home/przemyslaw/zadanie_3_ostatecznie/zadanie3/install/zadanie3/lib/python3.8/site-packages:${PYTHONPATH} /usr/bin/python3 setup.py develop --prefix /home/przemyslaw/zadanie_3_ostatecznie/zadanie3/install/zadanie3 --editable --build-directory /home/przemyslaw/zadanie_3_ostatecznie/zadanie3/build/zadanie3/build --no-deps install_data --install-dir /home/przemyslaw/zadanie_3_ostatecznie/zadanie3/install/zadanie3
[1.611s] Level 1:colcon.colcon_core.shell:create_environment_hook('zadanie3', 'pythonpath_develop')
[1.613s] INFO:colcon.colcon_core.shell:Creating environment hook '/home/przemyslaw/zadanie_3_ostatecznie/zadanie3/build/zadanie3/share/zadanie3/hook/pythonpath_develop.ps1'
[1.613s] INFO:colcon.colcon_core.shell:Creating environment descriptor '/home/przemyslaw/zadanie_3_ostatecznie/zadanie3/build/zadanie3/share/zadanie3/hook/pythonpath_develop.dsv'
[1.614s] DEBUG:colcon.colcon_core.event_handler.log_command:Invoked command in '/home/przemyslaw/zadanie_3_ostatecznie/zadanie3/build/zadanie3' returned '0': PYTHONPATH=/home/przemyslaw/zadanie_3_ostatecznie/zadanie3/install/zadanie3/lib/python3.8/site-packages:${PYTHONPATH} /usr/bin/python3 setup.py develop --prefix /home/przemyslaw/zadanie_3_ostatecznie/zadanie3/install/zadanie3 --editable --build-directory /home/przemyslaw/zadanie_3_ostatecznie/zadanie3/build/zadanie3/build --no-deps install_data --install-dir /home/przemyslaw/zadanie_3_ostatecznie/zadanie3/install/zadanie3
[1.614s] INFO:colcon.colcon_core.shell:Creating environment hook '/home/przemyslaw/zadanie_3_ostatecznie/zadanie3/build/zadanie3/share/zadanie3/hook/pythonpath_develop.sh'
[1.630s] Level 1:colcon.colcon_core.environment:checking '/home/przemyslaw/zadanie_3_ostatecznie/zadanie3/install/zadanie3' for CMake module files
[1.630s] Level 1:colcon.colcon_core.environment:checking '/home/przemyslaw/zadanie_3_ostatecznie/zadanie3/install/zadanie3' for CMake config files
[1.631s] Level 1:colcon.colcon_core.environment:checking '/home/przemyslaw/zadanie_3_ostatecznie/zadanie3/install/zadanie3/lib'
[1.631s] Level 1:colcon.colcon_core.environment:checking '/home/przemyslaw/zadanie_3_ostatecznie/zadanie3/install/zadanie3/bin'
[1.632s] Level 1:colcon.colcon_core.environment:checking '/home/przemyslaw/zadanie_3_ostatecznie/zadanie3/install/zadanie3/lib/pkgconfig/zadanie3.pc'
[1.632s] Level 1:colcon.colcon_core.environment:checking '/home/przemyslaw/zadanie_3_ostatecznie/zadanie3/install/zadanie3/lib/python3.8/site-packages'
[1.632s] Level 1:colcon.colcon_core.shell:create_environment_hook('zadanie3', 'pythonpath')
[1.633s] INFO:colcon.colcon_core.shell:Creating environment hook '/home/przemyslaw/zadanie_3_ostatecznie/zadanie3/install/zadanie3/share/zadanie3/hook/pythonpath.ps1'
[1.633s] INFO:colcon.colcon_core.shell:Creating environment descriptor '/home/przemyslaw/zadanie_3_ostatecznie/zadanie3/install/zadanie3/share/zadanie3/hook/pythonpath.dsv'
[1.634s] INFO:colcon.colcon_core.shell:Creating environment hook '/home/przemyslaw/zadanie_3_ostatecznie/zadanie3/install/zadanie3/share/zadanie3/hook/pythonpath.sh'
[1.634s] Level 1:colcon.colcon_core.environment:create_environment_scripts_only(zadanie3)
[1.635s] INFO:colcon.colcon_core.shell:Creating package script '/home/przemyslaw/zadanie_3_ostatecznie/zadanie3/install/zadanie3/share/zadanie3/package.ps1'
[1.636s] INFO:colcon.colcon_core.shell:Creating package descriptor '/home/przemyslaw/zadanie_3_ostatecznie/zadanie3/install/zadanie3/share/zadanie3/package.dsv'
[1.638s] INFO:colcon.colcon_core.shell:Creating package script '/home/przemyslaw/zadanie_3_ostatecznie/zadanie3/install/zadanie3/share/zadanie3/package.sh'
[1.639s] INFO:colcon.colcon_core.shell:Creating package script '/home/przemyslaw/zadanie_3_ostatecznie/zadanie3/install/zadanie3/share/zadanie3/package.bash'
[1.640s] INFO:colcon.colcon_core.shell:Creating package script '/home/przemyslaw/zadanie_3_ostatecznie/zadanie3/install/zadanie3/share/zadanie3/package.zsh'
[1.642s] Level 1:colcon.colcon_core.environment:create_file_with_runtime_dependencies(/home/przemyslaw/zadanie_3_ostatecznie/zadanie3/install/zadanie3/share/colcon-core/packages/zadanie3)
[1.642s] DEBUG:colcon.colcon_parallel_executor.executor.parallel:closing loop
[1.643s] DEBUG:colcon.colcon_parallel_executor.executor.parallel:loop closed
[1.643s] DEBUG:colcon.colcon_parallel_executor.executor.parallel:run_until_complete finished with '0'
[1.643s] DEBUG:colcon.colcon_core.event_reactor:joining thread
[1.651s] INFO:colcon.colcon_core.plugin_system:Skipping extension 'colcon_notification.desktop_notification.terminal_notifier': Not used on non-Darwin systems
[1.652s] INFO:colcon.colcon_core.plugin_system:Skipping extension 'colcon_notification.desktop_notification.win32': Not used on non-Windows systems
[1.652s] INFO:colcon.colcon_notification.desktop_notification:Sending desktop notification using 'notify2'
[1.673s] DEBUG:colcon.colcon_core.event_reactor:joined thread
[1.674s] INFO:colcon.colcon_core.shell:Creating prefix script '/home/przemyslaw/zadanie_3_ostatecznie/zadanie3/install/local_setup.ps1'
[1.675s] INFO:colcon.colcon_core.shell:Creating prefix util module '/home/przemyslaw/zadanie_3_ostatecznie/zadanie3/install/_local_setup_util_ps1.py'
[1.686s] INFO:colcon.colcon_core.shell:Creating prefix chain script '/home/przemyslaw/zadanie_3_ostatecznie/zadanie3/install/setup.ps1'
[1.690s] INFO:colcon.colcon_core.shell:Creating prefix script '/home/przemyslaw/zadanie_3_ostatecznie/zadanie3/install/local_setup.sh'
[1.691s] INFO:colcon.colcon_core.shell:Creating prefix util module '/home/przemyslaw/zadanie_3_ostatecznie/zadanie3/install/_local_setup_util_sh.py'
[1.692s] INFO:colcon.colcon_core.shell:Creating prefix chain script '/home/przemyslaw/zadanie_3_ostatecznie/zadanie3/install/setup.sh'
[1.699s] INFO:colcon.colcon_core.shell:Creating prefix script '/home/przemyslaw/zadanie_3_ostatecznie/zadanie3/install/local_setup.bash'
[1.701s] INFO:colcon.colcon_core.shell:Creating prefix chain script '/home/przemyslaw/zadanie_3_ostatecznie/zadanie3/install/setup.bash'
[1.706s] INFO:colcon.colcon_core.shell:Creating prefix script '/home/przemyslaw/zadanie_3_ostatecznie/zadanie3/install/local_setup.zsh'
[1.707s] INFO:colcon.colcon_core.shell:Creating prefix chain script '/home/przemyslaw/zadanie_3_ostatecznie/zadanie3/install/setup.zsh'
