[0.386s] Invoking command in '/home/przemyslaw/zadanie_3_ostatecznie/zadanie3/build/zadanie3': PYTHONPATH=/home/przemyslaw/zadanie_3_ostatecznie/zadanie3/install/zadanie3/lib/python3.8/site-packages:${PYTHONPATH} /usr/bin/python3 setup.py develop --prefix /home/przemyslaw/zadanie_3_ostatecznie/zadanie3/install/zadanie3 --editable --build-directory /home/przemyslaw/zadanie_3_ostatecznie/zadanie3/build/zadanie3/build --no-deps install_data --install-dir /home/przemyslaw/zadanie_3_ostatecznie/zadanie3/install/zadanie3
[0.756s] running develop
[0.957s] running egg_info
[0.957s] writing zadanie3.egg-info/PKG-INFO
[0.958s] writing dependency_links to zadanie3.egg-info/dependency_links.txt
[0.958s] writing entry points to zadanie3.egg-info/entry_points.txt
[0.959s] writing requirements to zadanie3.egg-info/requires.txt
[0.959s] writing top-level names to zadanie3.egg-info/top_level.txt
[1.009s] reading manifest file 'zadanie3.egg-info/SOURCES.txt'
[1.011s] writing manifest file 'zadanie3.egg-info/SOURCES.txt'
[1.068s] running build_ext
[1.068s] Creating /home/przemyslaw/zadanie_3_ostatecznie/zadanie3/install/zadanie3/lib/python3.8/site-packages/zadanie3.egg-link (link to .)
[1.069s] Installing joint_state_publisher script to /home/przemyslaw/zadanie_3_ostatecznie/zadanie3/install/zadanie3/lib/zadanie3
[1.069s] Installing kdl_dkin script to /home/przemyslaw/zadanie_3_ostatecznie/zadanie3/install/zadanie3/lib/zadanie3
[1.070s] Installing non_kdl_dkin script to /home/przemyslaw/zadanie_3_ostatecznie/zadanie3/install/zadanie3/lib/zadanie3
[1.070s] 
[1.070s] Installed /home/przemyslaw/zadanie_3_ostatecznie/zadanie3/build/zadanie3
[1.070s] running install_data
[1.071s] copying launch/rviz.launch.py -> /home/przemyslaw/zadanie_3_ostatecznie/zadanie3/install/zadanie3/share/zadanie3
[1.071s] error: can't copy 'urdf/manipulator_fixed.urdf.xacro.xml': doesn't exist or not a regular file
[1.100s] Invoked command in '/home/przemyslaw/zadanie_3_ostatecznie/zadanie3/build/zadanie3' returned '1': PYTHONPATH=/home/przemyslaw/zadanie_3_ostatecznie/zadanie3/install/zadanie3/lib/python3.8/site-packages:${PYTHONPATH} /usr/bin/python3 setup.py develop --prefix /home/przemyslaw/zadanie_3_ostatecznie/zadanie3/install/zadanie3 --editable --build-directory /home/przemyslaw/zadanie_3_ostatecznie/zadanie3/build/zadanie3/build --no-deps install_data --install-dir /home/przemyslaw/zadanie_3_ostatecznie/zadanie3/install/zadanie3
