/home/student/Desktop/final/install/urdf_tutorial/lib/python3.8/site-packages/urdf_tutorial/__init__.py
/home/student/Desktop/final/install/urdf_tutorial/lib/python3.8/site-packages/urdf_tutorial/state_publisher.py
/home/student/Desktop/final/install/urdf_tutorial/lib/python3.8/site-packages/urdf_tutorial/state_publisher1.py
/home/student/Desktop/final/install/urdf_tutorial/lib/python3.8/site-packages/urdf_tutorial/__pycache__/__init__.cpython-38.pyc
/home/student/Desktop/final/install/urdf_tutorial/lib/python3.8/site-packages/urdf_tutorial/__pycache__/state_publisher.cpython-38.pyc
/home/student/Desktop/final/install/urdf_tutorial/lib/python3.8/site-packages/urdf_tutorial/__pycache__/state_publisher1.cpython-38.pyc
/home/student/Desktop/final/install/urdf_tutorial/share/ament_index/resource_index/packages/urdf_tutorial
/home/student/Desktop/final/install/urdf_tutorial/share/urdf_tutorial/package.xml
/home/student/Desktop/final/install/urdf_tutorial/share/urdf_tutorial/rviz.launch.py
/home/student/Desktop/final/install/urdf_tutorial/share/urdf_tutorial/demo.launch1.py
/home/student/Desktop/final/install/urdf_tutorial/share/urdf_tutorial/demo.launch.py
/home/student/Desktop/final/install/urdf_tutorial/share/urdf_tutorial/r2d2.rviz
/home/student/Desktop/final/install/urdf_tutorial/share/urdf_tutorial/r2d2.urdf.xml
/home/student/Desktop/final/install/urdf_tutorial/lib/python3.8/site-packages/urdf_tutorial-0.0.0-py3.8.egg-info/dependency_links.txt
/home/student/Desktop/final/install/urdf_tutorial/lib/python3.8/site-packages/urdf_tutorial-0.0.0-py3.8.egg-info/requires.txt
/home/student/Desktop/final/install/urdf_tutorial/lib/python3.8/site-packages/urdf_tutorial-0.0.0-py3.8.egg-info/top_level.txt
/home/student/Desktop/final/install/urdf_tutorial/lib/python3.8/site-packages/urdf_tutorial-0.0.0-py3.8.egg-info/SOURCES.txt
/home/student/Desktop/final/install/urdf_tutorial/lib/python3.8/site-packages/urdf_tutorial-0.0.0-py3.8.egg-info/PKG-INFO
/home/student/Desktop/final/install/urdf_tutorial/lib/python3.8/site-packages/urdf_tutorial-0.0.0-py3.8.egg-info/entry_points.txt
/home/student/Desktop/final/install/urdf_tutorial/lib/python3.8/site-packages/urdf_tutorial-0.0.0-py3.8.egg-info/zip-safe
/home/student/Desktop/final/install/urdf_tutorial/lib/urdf_tutorial/state_publisher
